[ 2019-06-05T11:10:24+08:00 ] ::1 /MyApp/blogBackend/Home/Indx
INFO: [ app_init ] --START--
INFO: Run Behavior\BuildLiteBehavior [ RunTime:0.000023s ]
INFO: [ app_init ] --END-- [ RunTime:0.050358s ]
INFO: [ app_begin ] --START--
INFO: Run Behavior\ReadHtmlCacheBehavior [ RunTime:0.046896s ]
INFO: [ app_begin ] --END-- [ RunTime:0.046990s ]
ERR: 无法加载控制器:Indx

[ 2019-06-05T11:10:31+08:00 ] ::1 /MyApp/blogBackend/Home/Index/Index
INFO: [ app_init ] --START--
INFO: Run Behavior\BuildLiteBehavior [ RunTime:0.000007s ]
INFO: [ app_init ] --END-- [ RunTime:0.000270s ]
INFO: [ app_begin ] --START--
INFO: Run Behavior\ReadHtmlCacheBehavior [ RunTime:0.000476s ]
INFO: [ app_begin ] --END-- [ RunTime:0.000521s ]
SQL: SHOW COLUMNS FROM `broken` [ RunTime:0.5826s ]
SQL: SELECT COUNT(*) AS tp_count FROM `broken` LIMIT 1   [ RunTime:0.0007s ]
SQL: SHOW COLUMNS FROM `wenzhang` [ RunTime:0.1311s ]
SQL: SELECT COUNT(*) AS tp_count FROM `wenzhang` WHERE ( bigclass="前端开发" ) LIMIT 1   [ RunTime:0.0707s ]
SQL: SELECT COUNT(*) AS tp_count FROM `wenzhang` WHERE ( bigclass="全栈开发" ) LIMIT 1   [ RunTime:0.0005s ]
SQL: SHOW COLUMNS FROM `mood` [ RunTime:0.0383s ]
SQL: SELECT COUNT(*) AS tp_count FROM `mood` LIMIT 1   [ RunTime:0.0247s ]

[ 2019-06-05T11:10:31+08:00 ] ::1 /MyApp/blogBackend/Home/Admin/index
INFO: [ app_init ] --START--
INFO: Run Behavior\BuildLiteBehavior [ RunTime:0.000012s ]
INFO: [ app_init ] --END-- [ RunTime:0.000486s ]
INFO: [ app_begin ] --START--
INFO: Run Behavior\ReadHtmlCacheBehavior [ RunTime:0.000534s ]
INFO: [ app_begin ] --END-- [ RunTime:0.000604s ]
INFO: [ view_parse ] --START--
INFO: [ template_filter ] --START--
INFO: Run Behavior\ContentReplaceBehavior [ RunTime:0.020171s ]
INFO: [ template_filter ] --END-- [ RunTime:0.020226s ]
INFO: Run Behavior\ParseTemplateBehavior [ RunTime:0.162632s ]
INFO: [ view_parse ] --END-- [ RunTime:0.162673s ]
INFO: [ view_filter ] --START--
INFO: Run Behavior\WriteHtmlCacheBehavior [ RunTime:0.024934s ]
INFO: [ view_filter ] --END-- [ RunTime:0.024969s ]
INFO: [ app_end ] --START--
INFO: Run Behavior\ShowPageTraceBehavior [ RunTime:0.013144s ]
INFO: [ app_end ] --END-- [ RunTime:0.013180s ]

[ 2019-06-05T13:18:56+08:00 ] ::1 /MyApp/blogBackend/Home/Admin/setLogin
INFO: [ app_init ] --START--
INFO: Run Behavior\BuildLiteBehavior [ RunTime:0.000062s ]
INFO: [ app_init ] --END-- [ RunTime:0.059304s ]
INFO: [ app_begin ] --START--
INFO: Run Behavior\ReadHtmlCacheBehavior [ RunTime:0.024672s ]
INFO: [ app_begin ] --END-- [ RunTime:0.024998s ]
SQL: SHOW COLUMNS FROM `admin` [ RunTime:1.5041s ]
SQL: SHOW COLUMNS FROM `admin` [ RunTime:0.0012s ]
SQL: SELECT * FROM `admin` WHERE ( user='宋瑶' AND password = '123456' ) LIMIT 1   [ RunTime:0.0893s ]
INFO: [ app_end ] --START--
INFO: Run Behavior\ShowPageTraceBehavior [ RunTime:0.026637s ]
INFO: [ app_end ] --END-- [ RunTime:0.026730s ]

[ 2019-06-05T13:18:57+08:00 ] ::1 /MyApp/blogBackend/Home/Admin/index
INFO: [ app_init ] --START--
INFO: Run Behavior\BuildLiteBehavior [ RunTime:0.000016s ]
INFO: [ app_init ] --END-- [ RunTime:0.000863s ]
INFO: [ app_begin ] --START--
INFO: Run Behavior\ReadHtmlCacheBehavior [ RunTime:0.074397s ]
INFO: [ app_begin ] --END-- [ RunTime:0.074501s ]
INFO: [ view_parse ] --START--
INFO: [ template_filter ] --START--
INFO: Run Behavior\ContentReplaceBehavior [ RunTime:0.028944s ]
INFO: [ template_filter ] --END-- [ RunTime:0.029158s ]
INFO: Run Behavior\ParseTemplateBehavior [ RunTime:0.457602s ]
INFO: [ view_parse ] --END-- [ RunTime:0.457732s ]
INFO: [ view_filter ] --START--
INFO: Run Behavior\WriteHtmlCacheBehavior [ RunTime:0.028787s ]
INFO: [ view_filter ] --END-- [ RunTime:0.028963s ]
INFO: [ app_end ] --START--
INFO: Run Behavior\ShowPageTraceBehavior [ RunTime:0.004852s ]
INFO: [ app_end ] --END-- [ RunTime:0.005017s ]

[ 2019-06-05T13:18:58+08:00 ] ::1 /MyApp/blogBackend/Home/Index/index
INFO: [ app_init ] --START--
INFO: Run Behavior\BuildLiteBehavior [ RunTime:0.000035s ]
INFO: [ app_init ] --END-- [ RunTime:0.000546s ]
INFO: [ app_begin ] --START--
INFO: Run Behavior\ReadHtmlCacheBehavior [ RunTime:0.000491s ]
INFO: [ app_begin ] --END-- [ RunTime:0.000528s ]
SQL: SHOW COLUMNS FROM `broken` [ RunTime:0.3355s ]
SQL: SELECT COUNT(*) AS tp_count FROM `broken` LIMIT 1   [ RunTime:0.0472s ]
SQL: SHOW COLUMNS FROM `wenzhang` [ RunTime:0.1597s ]
SQL: SELECT COUNT(*) AS tp_count FROM `wenzhang` WHERE ( bigclass="前端开发" ) LIMIT 1   [ RunTime:0.0586s ]
SQL: SELECT COUNT(*) AS tp_count FROM `wenzhang` WHERE ( bigclass="全栈开发" ) LIMIT 1   [ RunTime:0.0016s ]
SQL: SHOW COLUMNS FROM `mood` [ RunTime:0.1203s ]
SQL: SELECT COUNT(*) AS tp_count FROM `mood` LIMIT 1   [ RunTime:0.0514s ]
INFO: [ view_parse ] --START--
INFO: [ template_filter ] --START--
INFO: Run Behavior\ContentReplaceBehavior [ RunTime:0.000466s ]
INFO: [ template_filter ] --END-- [ RunTime:0.000663s ]
INFO: Run Behavior\ParseTemplateBehavior [ RunTime:0.466261s ]
INFO: [ view_parse ] --END-- [ RunTime:0.466478s ]
INFO: [ view_filter ] --START--
INFO: Run Behavior\WriteHtmlCacheBehavior [ RunTime:0.002326s ]
INFO: [ view_filter ] --END-- [ RunTime:0.002491s ]
INFO: [ app_end ] --START--
INFO: Run Behavior\ShowPageTraceBehavior [ RunTime:0.009983s ]
INFO: [ app_end ] --END-- [ RunTime:0.010183s ]

[ 2019-06-05T13:19:05+08:00 ] ::1 /MyApp/blogBackend/Home/Admin/logout
INFO: [ app_init ] --START--
INFO: Run Behavior\BuildLiteBehavior [ RunTime:0.000016s ]
INFO: [ app_init ] --END-- [ RunTime:0.001016s ]
INFO: [ app_begin ] --START--
INFO: Run Behavior\ReadHtmlCacheBehavior [ RunTime:0.002076s ]
INFO: [ app_begin ] --END-- [ RunTime:0.002215s ]

[ 2019-06-05T13:19:06+08:00 ] ::1 /MyApp/blogBackend/Home/Admin/index
INFO: [ app_init ] --START--
INFO: Run Behavior\BuildLiteBehavior [ RunTime:0.001247s ]
INFO: [ app_init ] --END-- [ RunTime:0.003322s ]
INFO: [ app_begin ] --START--
INFO: Run Behavior\ReadHtmlCacheBehavior [ RunTime:0.002133s ]
INFO: [ app_begin ] --END-- [ RunTime:0.002284s ]
INFO: [ view_parse ] --START--
INFO: [ template_filter ] --START--
INFO: Run Behavior\ContentReplaceBehavior [ RunTime:0.000049s ]
INFO: [ template_filter ] --END-- [ RunTime:0.000121s ]
INFO: Run Behavior\ParseTemplateBehavior [ RunTime:0.040585s ]
INFO: [ view_parse ] --END-- [ RunTime:0.040645s ]
INFO: [ view_filter ] --START--
INFO: Run Behavior\WriteHtmlCacheBehavior [ RunTime:0.000722s ]
INFO: [ view_filter ] --END-- [ RunTime:0.000773s ]
INFO: [ app_end ] --START--
INFO: Run Behavior\ShowPageTraceBehavior [ RunTime:0.002360s ]
INFO: [ app_end ] --END-- [ RunTime:0.004201s ]

[ 2019-06-05T13:19:10+08:00 ] ::1 /MyApp/blogBackend/Home/Admin/setLogin
INFO: [ app_init ] --START--
INFO: Run Behavior\BuildLiteBehavior [ RunTime:0.000013s ]
INFO: [ app_init ] --END-- [ RunTime:0.000504s ]
INFO: [ app_begin ] --START--
INFO: Run Behavior\ReadHtmlCacheBehavior [ RunTime:0.000481s ]
INFO: [ app_begin ] --END-- [ RunTime:0.000530s ]
SQL: SHOW COLUMNS FROM `admin` [ RunTime:0.5159s ]
SQL: SHOW COLUMNS FROM `admin` [ RunTime:0.0492s ]
SQL: SELECT * FROM `admin` WHERE ( user='宋瑶' AND password = '123456' ) LIMIT 1   [ RunTime:0.0005s ]
INFO: [ app_end ] --START--
INFO: Run Behavior\ShowPageTraceBehavior [ RunTime:0.000867s ]
INFO: [ app_end ] --END-- [ RunTime:0.000916s ]

[ 2019-06-05T13:19:10+08:00 ] ::1 /MyApp/blogBackend/Home/Index/index
INFO: [ app_init ] --START--
INFO: Run Behavior\BuildLiteBehavior [ RunTime:0.000021s ]
INFO: [ app_init ] --END-- [ RunTime:0.000893s ]
INFO: [ app_begin ] --START--
INFO: Run Behavior\ReadHtmlCacheBehavior [ RunTime:0.000884s ]
INFO: [ app_begin ] --END-- [ RunTime:0.000965s ]
SQL: SHOW COLUMNS FROM `broken` [ RunTime:0.0657s ]
SQL: SELECT COUNT(*) AS tp_count FROM `broken` LIMIT 1   [ RunTime:0.0003s ]
SQL: SHOW COLUMNS FROM `wenzhang` [ RunTime:0.0393s ]
SQL: SELECT COUNT(*) AS tp_count FROM `wenzhang` WHERE ( bigclass="前端开发" ) LIMIT 1   [ RunTime:0.0178s ]
SQL: SELECT COUNT(*) AS tp_count FROM `wenzhang` WHERE ( bigclass="全栈开发" ) LIMIT 1   [ RunTime:0.0008s ]
SQL: SHOW COLUMNS FROM `mood` [ RunTime:0.0163s ]
SQL: SELECT COUNT(*) AS tp_count FROM `mood` LIMIT 1   [ RunTime:0.0005s ]
INFO: [ view_parse ] --START--
INFO: [ template_filter ] --START--
INFO: Run Behavior\ContentReplaceBehavior [ RunTime:0.000267s ]
INFO: [ template_filter ] --END-- [ RunTime:0.000354s ]
INFO: Run Behavior\ParseTemplateBehavior [ RunTime:0.033181s ]
INFO: [ view_parse ] --END-- [ RunTime:0.033317s ]
INFO: [ view_filter ] --START--
INFO: Run Behavior\WriteHtmlCacheBehavior [ RunTime:0.000663s ]
INFO: [ view_filter ] --END-- [ RunTime:0.000771s ]
INFO: [ app_end ] --START--
INFO: Run Behavior\ShowPageTraceBehavior [ RunTime:0.001598s ]
INFO: [ app_end ] --END-- [ RunTime:0.001726s ]

[ 2019-06-05T13:19:14+08:00 ] ::1 /MyApp/blogBackend/Home/Manage/index
INFO: [ app_init ] --START--
INFO: Run Behavior\BuildLiteBehavior [ RunTime:0.000009s ]
INFO: [ app_init ] --END-- [ RunTime:0.000346s ]
INFO: [ app_begin ] --START--
INFO: Run Behavior\ReadHtmlCacheBehavior [ RunTime:0.000439s ]
INFO: [ app_begin ] --END-- [ RunTime:0.000474s ]
NOTIC: [8] Undefined index: type F:\phpDemo\MyApp\blogBackend\Application\Home\Controller\ManageController.class.php 第 18 行.
SQL: SHOW COLUMNS FROM `wenzhang` [ RunTime:0.0288s ]
SQL: SELECT `id`,`title`,`bigclass`,`smclass`,`time`,`see`,`zan` FROM `wenzhang`  [ RunTime:0.0210s ]
INFO: [ view_parse ] --START--
INFO: [ template_filter ] --START--
INFO: Run Behavior\ContentReplaceBehavior [ RunTime:0.000153s ]
INFO: [ template_filter ] --END-- [ RunTime:0.000211s ]
NOTIC: [8] Undefined index: type F:\phpDemo\MyApp\blogBackend\Application\Runtime\Cache\Home\d8a0e8853bd242b1645d6a28cb083b55.php 第 139 行.
NOTIC: [8] Undefined index: type F:\phpDemo\MyApp\blogBackend\Application\Runtime\Cache\Home\d8a0e8853bd242b1645d6a28cb083b55.php 第 139 行.
INFO: Run Behavior\ParseTemplateBehavior [ RunTime:0.223686s ]
INFO: [ view_parse ] --END-- [ RunTime:0.223753s ]
INFO: [ view_filter ] --START--
INFO: Run Behavior\WriteHtmlCacheBehavior [ RunTime:0.000347s ]
INFO: [ view_filter ] --END-- [ RunTime:0.000386s ]
INFO: [ app_end ] --START--
INFO: Run Behavior\ShowPageTraceBehavior [ RunTime:0.001624s ]
INFO: [ app_end ] --END-- [ RunTime:0.001709s ]

[ 2019-06-05T13:19:21+08:00 ] ::1 /MyApp/blogBackend/Home/Index/index
INFO: [ app_init ] --START--
INFO: Run Behavior\BuildLiteBehavior [ RunTime:0.000009s ]
INFO: [ app_init ] --END-- [ RunTime:0.000327s ]
INFO: [ app_begin ] --START--
INFO: Run Behavior\ReadHtmlCacheBehavior [ RunTime:0.000427s ]
INFO: [ app_begin ] --END-- [ RunTime:0.000467s ]
SQL: SHOW COLUMNS FROM `broken` [ RunTime:0.3026s ]
SQL: SELECT COUNT(*) AS tp_count FROM `broken` LIMIT 1   [ RunTime:0.0002s ]
SQL: SHOW COLUMNS FROM `wenzhang` [ RunTime:0.0680s ]
SQL: SELECT COUNT(*) AS tp_count FROM `wenzhang` WHERE ( bigclass="前端开发" ) LIMIT 1   [ RunTime:0.0005s ]
SQL: SELECT COUNT(*) AS tp_count FROM `wenzhang` WHERE ( bigclass="全栈开发" ) LIMIT 1   [ RunTime:0.0004s ]
SQL: SHOW COLUMNS FROM `mood` [ RunTime:0.0970s ]
SQL: SELECT COUNT(*) AS tp_count FROM `mood` LIMIT 1   [ RunTime:0.0004s ]
INFO: [ view_parse ] --START--
INFO: [ template_filter ] --START--
INFO: Run Behavior\ContentReplaceBehavior [ RunTime:0.000174s ]
INFO: [ template_filter ] --END-- [ RunTime:0.000234s ]
INFO: Run Behavior\ParseTemplateBehavior [ RunTime:0.012623s ]
INFO: [ view_parse ] --END-- [ RunTime:0.012689s ]
INFO: [ view_filter ] --START--
INFO: Run Behavior\WriteHtmlCacheBehavior [ RunTime:0.000377s ]
INFO: [ view_filter ] --END-- [ RunTime:0.000427s ]
INFO: [ app_end ] --START--
INFO: Run Behavior\ShowPageTraceBehavior [ RunTime:0.001121s ]
INFO: [ app_end ] --END-- [ RunTime:0.001215s ]

[ 2019-06-05T13:25:18+08:00 ] ::1 /MyApp/blogBackend/Home/Broken/showBroken
INFO: [ app_init ] --START--
INFO: Run Behavior\BuildLiteBehavior [ RunTime:0.000019s ]
INFO: [ app_init ] --END-- [ RunTime:0.000560s ]
INFO: [ app_begin ] --START--
INFO: Run Behavior\ReadHtmlCacheBehavior [ RunTime:0.000732s ]
INFO: [ app_begin ] --END-- [ RunTime:0.000781s ]
SQL: SHOW COLUMNS FROM `broken` [ RunTime:0.0726s ]
SQL: SELECT * FROM `broken` ORDER BY time desc  [ RunTime:0.1493s ]
INFO: [ app_end ] --START--
INFO: Run Behavior\ShowPageTraceBehavior [ RunTime:0.001532s ]
INFO: [ app_end ] --END-- [ RunTime:0.001614s ]

[ 2019-06-05T13:25:24+08:00 ] ::1 /MyApp/blogBackend/Home/AboutBlog/showInfo
INFO: [ app_init ] --START--
INFO: Run Behavior\BuildLiteBehavior [ RunTime:0.000014s ]
INFO: [ app_init ] --END-- [ RunTime:0.000451s ]
INFO: [ app_begin ] --START--
INFO: Run Behavior\ReadHtmlCacheBehavior [ RunTime:0.000883s ]
INFO: [ app_begin ] --END-- [ RunTime:0.000962s ]
SQL: SHOW COLUMNS FROM `aboutblog` [ RunTime:0.1298s ]
SQL: SELECT * FROM `aboutblog` LIMIT 1   [ RunTime:0.0270s ]
INFO: [ app_end ] --START--
INFO: Run Behavior\ShowPageTraceBehavior [ RunTime:0.000772s ]
INFO: [ app_end ] --END-- [ RunTime:0.000813s ]

[ 2019-06-05T13:25:33+08:00 ] ::1 /MyApp/blogBackend/Home/MoodManage/showMood8
INFO: [ app_init ] --START--
INFO: Run Behavior\BuildLiteBehavior [ RunTime:0.000020s ]
INFO: [ app_init ] --END-- [ RunTime:0.000874s ]
INFO: [ app_begin ] --START--
INFO: Run Behavior\ReadHtmlCacheBehavior [ RunTime:0.001408s ]
INFO: [ app_begin ] --END-- [ RunTime:0.001498s ]
SQL: SHOW COLUMNS FROM `mood` [ RunTime:0.0728s ]
SQL: SELECT * FROM `mood` ORDER BY id desc LIMIT 8   [ RunTime:0.0618s ]
INFO: [ app_end ] --START--
INFO: Run Behavior\ShowPageTraceBehavior [ RunTime:0.001274s ]
INFO: [ app_end ] --END-- [ RunTime:0.001370s ]

[ 2019-06-05T13:26:39+08:00 ] ::1 /MyApp/blogBackend/Home/Index/index
INFO: [ app_init ] --START--
INFO: Run Behavior\BuildLiteBehavior [ RunTime:0.000024s ]
INFO: [ app_init ] --END-- [ RunTime:0.003513s ]
INFO: [ app_begin ] --START--
INFO: Run Behavior\ReadHtmlCacheBehavior [ RunTime:0.000796s ]
INFO: [ app_begin ] --END-- [ RunTime:0.000874s ]
SQL: SHOW COLUMNS FROM `broken` [ RunTime:0.1803s ]
SQL: SELECT COUNT(*) AS tp_count FROM `broken` LIMIT 1   [ RunTime:0.0007s ]
SQL: SHOW COLUMNS FROM `wenzhang` [ RunTime:0.0113s ]
SQL: SELECT COUNT(*) AS tp_count FROM `wenzhang` WHERE ( bigclass="前端开发" ) LIMIT 1   [ RunTime:0.0008s ]
SQL: SELECT COUNT(*) AS tp_count FROM `wenzhang` WHERE ( bigclass="全栈开发" ) LIMIT 1   [ RunTime:0.0005s ]
SQL: SHOW COLUMNS FROM `mood` [ RunTime:0.0508s ]
SQL: SELECT COUNT(*) AS tp_count FROM `mood` LIMIT 1   [ RunTime:0.0003s ]
INFO: [ view_parse ] --START--
INFO: [ template_filter ] --START--
INFO: Run Behavior\ContentReplaceBehavior [ RunTime:0.000202s ]
INFO: [ template_filter ] --END-- [ RunTime:0.000267s ]
INFO: Run Behavior\ParseTemplateBehavior [ RunTime:0.044784s ]
INFO: [ view_parse ] --END-- [ RunTime:0.044898s ]
INFO: [ view_filter ] --START--
INFO: Run Behavior\WriteHtmlCacheBehavior [ RunTime:0.000695s ]
INFO: [ view_filter ] --END-- [ RunTime:0.000759s ]
INFO: [ app_end ] --START--
INFO: Run Behavior\ShowPageTraceBehavior [ RunTime:0.001064s ]
INFO: [ app_end ] --END-- [ RunTime:0.001138s ]

[ 2019-06-05T13:26:42+08:00 ] ::1 /MyApp/blogBackend/Home/Index/index
INFO: [ app_init ] --START--
INFO: Run Behavior\BuildLiteBehavior [ RunTime:0.000015s ]
INFO: [ app_init ] --END-- [ RunTime:0.000587s ]
INFO: [ app_begin ] --START--
INFO: Run Behavior\ReadHtmlCacheBehavior [ RunTime:0.000759s ]
INFO: [ app_begin ] --END-- [ RunTime:0.000817s ]
SQL: SHOW COLUMNS FROM `broken` [ RunTime:0.0017s ]
SQL: SELECT COUNT(*) AS tp_count FROM `broken` LIMIT 1   [ RunTime:0.0003s ]
SQL: SHOW COLUMNS FROM `wenzhang` [ RunTime:0.0417s ]
SQL: SELECT COUNT(*) AS tp_count FROM `wenzhang` WHERE ( bigclass="前端开发" ) LIMIT 1   [ RunTime:0.0009s ]
SQL: SELECT COUNT(*) AS tp_count FROM `wenzhang` WHERE ( bigclass="全栈开发" ) LIMIT 1   [ RunTime:0.0014s ]
SQL: SHOW COLUMNS FROM `mood` [ RunTime:0.0351s ]
SQL: SELECT COUNT(*) AS tp_count FROM `mood` LIMIT 1   [ RunTime:0.0135s ]
INFO: [ view_parse ] --START--
INFO: [ template_filter ] --START--
INFO: Run Behavior\ContentReplaceBehavior [ RunTime:0.000237s ]
INFO: [ template_filter ] --END-- [ RunTime:0.000359s ]
INFO: Run Behavior\ParseTemplateBehavior [ RunTime:0.033558s ]
INFO: [ view_parse ] --END-- [ RunTime:0.033952s ]
INFO: [ view_filter ] --START--
INFO: Run Behavior\WriteHtmlCacheBehavior [ RunTime:0.000804s ]
INFO: [ view_filter ] --END-- [ RunTime:0.000889s ]
INFO: [ app_end ] --START--
INFO: Run Behavior\ShowPageTraceBehavior [ RunTime:0.001292s ]
INFO: [ app_end ] --END-- [ RunTime:0.001392s ]

[ 2019-06-05T13:26:44+08:00 ] ::1 /MyApp/blogBackend/Home/Index/index
INFO: [ app_init ] --START--
INFO: Run Behavior\BuildLiteBehavior [ RunTime:0.000017s ]
INFO: [ app_init ] --END-- [ RunTime:0.000787s ]
INFO: [ app_begin ] --START--
INFO: Run Behavior\ReadHtmlCacheBehavior [ RunTime:0.000801s ]
INFO: [ app_begin ] --END-- [ RunTime:0.000856s ]
SQL: SHOW COLUMNS FROM `broken` [ RunTime:0.0010s ]
SQL: SELECT COUNT(*) AS tp_count FROM `broken` LIMIT 1   [ RunTime:0.0003s ]
SQL: SHOW COLUMNS FROM `wenzhang` [ RunTime:0.0241s ]
SQL: SELECT COUNT(*) AS tp_count FROM `wenzhang` WHERE ( bigclass="前端开发" ) LIMIT 1   [ RunTime:0.0005s ]
SQL: SELECT COUNT(*) AS tp_count FROM `wenzhang` WHERE ( bigclass="全栈开发" ) LIMIT 1   [ RunTime:0.0004s ]
SQL: SHOW COLUMNS FROM `mood` [ RunTime:0.0009s ]
SQL: SELECT COUNT(*) AS tp_count FROM `mood` LIMIT 1   [ RunTime:0.0003s ]
INFO: [ view_parse ] --START--
INFO: [ template_filter ] --START--
INFO: Run Behavior\ContentReplaceBehavior [ RunTime:0.000111s ]
INFO: [ template_filter ] --END-- [ RunTime:0.000150s ]
INFO: Run Behavior\ParseTemplateBehavior [ RunTime:0.021254s ]
INFO: [ view_parse ] --END-- [ RunTime:0.021299s ]
INFO: [ view_filter ] --START--
INFO: Run Behavior\WriteHtmlCacheBehavior [ RunTime:0.000243s ]
INFO: [ view_filter ] --END-- [ RunTime:0.000269s ]
INFO: [ app_end ] --START--
INFO: Run Behavior\ShowPageTraceBehavior [ RunTime:0.000527s ]
INFO: [ app_end ] --END-- [ RunTime:0.000563s ]

[ 2019-06-05T13:26:47+08:00 ] ::1 /MyApp/blogBackend/Home/Broken/index
INFO: [ app_init ] --START--
INFO: Run Behavior\BuildLiteBehavior [ RunTime:0.000015s ]
INFO: [ app_init ] --END-- [ RunTime:0.000530s ]
INFO: [ app_begin ] --START--
INFO: Run Behavior\ReadHtmlCacheBehavior [ RunTime:0.000800s ]
INFO: [ app_begin ] --END-- [ RunTime:0.000888s ]
SQL: SHOW COLUMNS FROM `broken` [ RunTime:0.0011s ]
SQL: SELECT * FROM `broken`  [ RunTime:0.0004s ]
INFO: [ view_parse ] --START--
INFO: [ template_filter ] --START--
INFO: Run Behavior\ContentReplaceBehavior [ RunTime:0.000148s ]
INFO: [ template_filter ] --END-- [ RunTime:0.000215s ]
INFO: Run Behavior\ParseTemplateBehavior [ RunTime:0.037115s ]
INFO: [ view_parse ] --END-- [ RunTime:0.037178s ]
INFO: [ view_filter ] --START--
INFO: Run Behavior\WriteHtmlCacheBehavior [ RunTime:0.000460s ]
INFO: [ view_filter ] --END-- [ RunTime:0.000814s ]
INFO: [ app_end ] --START--
INFO: Run Behavior\ShowPageTraceBehavior [ RunTime:0.001038s ]
INFO: [ app_end ] --END-- [ RunTime:0.001117s ]

[ 2019-06-05T20:06:27+08:00 ] ::1 /MyApp/blogBackend/Home/Index/index
INFO: [ app_init ] --START--
INFO: Run Behavior\BuildLiteBehavior [ RunTime:0.000029s ]
INFO: [ app_init ] --END-- [ RunTime:0.064823s ]
INFO: [ app_begin ] --START--
INFO: Run Behavior\ReadHtmlCacheBehavior [ RunTime:0.020451s ]
INFO: [ app_begin ] --END-- [ RunTime:0.020516s ]
SQL: SHOW COLUMNS FROM `broken` [ RunTime:1.2141s ]
SQL: SELECT COUNT(*) AS tp_count FROM `broken` LIMIT 1   [ RunTime:0.0564s ]
SQL: SHOW COLUMNS FROM `wenzhang` [ RunTime:0.3816s ]
SQL: SELECT COUNT(*) AS tp_count FROM `wenzhang` WHERE ( bigclass="前端开发" ) LIMIT 1   [ RunTime:0.1180s ]
SQL: SELECT COUNT(*) AS tp_count FROM `wenzhang` WHERE ( bigclass="全栈开发" ) LIMIT 1   [ RunTime:0.0004s ]
SQL: SHOW COLUMNS FROM `mood` [ RunTime:0.2834s ]
SQL: SELECT COUNT(*) AS tp_count FROM `mood` LIMIT 1   [ RunTime:0.0002s ]
INFO: [ view_parse ] --START--
INFO: [ template_filter ] --START--
INFO: Run Behavior\ContentReplaceBehavior [ RunTime:0.020147s ]
INFO: [ template_filter ] --END-- [ RunTime:0.020244s ]
INFO: Run Behavior\ParseTemplateBehavior [ RunTime:0.471435s ]
INFO: [ view_parse ] --END-- [ RunTime:0.471506s ]
INFO: [ view_filter ] --START--
INFO: Run Behavior\WriteHtmlCacheBehavior [ RunTime:0.046559s ]
INFO: [ view_filter ] --END-- [ RunTime:0.046617s ]
INFO: [ app_end ] --START--
INFO: Run Behavior\ShowPageTraceBehavior [ RunTime:0.063471s ]
INFO: [ app_end ] --END-- [ RunTime:0.063555s ]

[ 2019-06-05T20:06:28+08:00 ] ::1 /MyApp/blogBackend/Home/Index/index
INFO: [ app_init ] --START--
INFO: Run Behavior\BuildLiteBehavior [ RunTime:0.000029s ]
INFO: [ app_init ] --END-- [ RunTime:0.064814s ]
INFO: [ app_begin ] --START--
INFO: Run Behavior\ReadHtmlCacheBehavior [ RunTime:0.066428s ]
INFO: [ app_begin ] --END-- [ RunTime:0.066490s ]
SQL: SHOW COLUMNS FROM `broken` [ RunTime:0.0508s ]
SQL: SELECT COUNT(*) AS tp_count FROM `broken` LIMIT 1   [ RunTime:0.0443s ]
SQL: SHOW COLUMNS FROM `wenzhang` [ RunTime:0.0834s ]
SQL: SELECT COUNT(*) AS tp_count FROM `wenzhang` WHERE ( bigclass="前端开发" ) LIMIT 1   [ RunTime:0.0004s ]
SQL: SELECT COUNT(*) AS tp_count FROM `wenzhang` WHERE ( bigclass="全栈开发" ) LIMIT 1   [ RunTime:0.0003s ]
SQL: SHOW COLUMNS FROM `mood` [ RunTime:0.0009s ]
SQL: SELECT COUNT(*) AS tp_count FROM `mood` LIMIT 1   [ RunTime:0.0002s ]
INFO: [ view_parse ] --START--
INFO: [ template_filter ] --START--
INFO: Run Behavior\ContentReplaceBehavior [ RunTime:0.000527s ]
INFO: [ template_filter ] --END-- [ RunTime:0.000608s ]
INFO: Run Behavior\ParseTemplateBehavior [ RunTime:0.211629s ]
INFO: [ view_parse ] --END-- [ RunTime:0.211678s ]
INFO: [ view_filter ] --START--
INFO: Run Behavior\WriteHtmlCacheBehavior [ RunTime:0.000628s ]
INFO: [ view_filter ] --END-- [ RunTime:0.000664s ]
INFO: [ app_end ] --START--
INFO: Run Behavior\ShowPageTraceBehavior [ RunTime:0.000989s ]
INFO: [ app_end ] --END-- [ RunTime:0.001049s ]

[ 2019-06-05T20:06:40+08:00 ] ::1 /MyApp/blogBackend/Home/MoodManage/index
INFO: [ app_init ] --START--
INFO: Run Behavior\BuildLiteBehavior [ RunTime:0.000010s ]
INFO: [ app_init ] --END-- [ RunTime:0.000281s ]
INFO: [ app_begin ] --START--
INFO: Run Behavior\ReadHtmlCacheBehavior [ RunTime:0.000824s ]
INFO: [ app_begin ] --END-- [ RunTime:0.000881s ]
SQL: SHOW COLUMNS FROM `mood` [ RunTime:0.0961s ]
SQL: SELECT * FROM `mood`  [ RunTime:0.0009s ]
INFO: [ view_parse ] --START--
INFO: [ template_filter ] --START--
INFO: Run Behavior\ContentReplaceBehavior [ RunTime:0.000087s ]
INFO: [ template_filter ] --END-- [ RunTime:0.000120s ]
NOTIC: [8] Array to string conversion F:\phpDemo\MyApp\blogBackend\Application\Runtime\Cache\Home\813d22340d3d49d831b7b87fa73364c1.php 第 230 行.
INFO: Run Behavior\ParseTemplateBehavior [ RunTime:0.053065s ]
INFO: [ view_parse ] --END-- [ RunTime:0.053094s ]
INFO: [ view_filter ] --START--
INFO: Run Behavior\WriteHtmlCacheBehavior [ RunTime:0.000210s ]
INFO: [ view_filter ] --END-- [ RunTime:0.000231s ]
INFO: [ app_end ] --START--
INFO: Run Behavior\ShowPageTraceBehavior [ RunTime:0.013972s ]
INFO: [ app_end ] --END-- [ RunTime:0.014039s ]

[ 2019-06-05T20:17:31+08:00 ] ::1 /MyApp/blogBackend/Home/MoodManage/index
INFO: [ app_init ] --START--
INFO: Run Behavior\BuildLiteBehavior [ RunTime:0.000014s ]
INFO: [ app_init ] --END-- [ RunTime:0.000728s ]
INFO: [ app_begin ] --START--
INFO: Run Behavior\ReadHtmlCacheBehavior [ RunTime:0.000504s ]
INFO: [ app_begin ] --END-- [ RunTime:0.000537s ]
SQL: SHOW COLUMNS FROM `mood` [ RunTime:0.0363s ]
SQL: SELECT * FROM `mood`  [ RunTime:0.0118s ]
INFO: [ view_parse ] --START--
INFO: [ template_filter ] --START--
INFO: Run Behavior\ContentReplaceBehavior [ RunTime:0.000123s ]
INFO: [ template_filter ] --END-- [ RunTime:0.000182s ]
NOTIC: [8] Array to string conversion F:\phpDemo\MyApp\blogBackend\Application\Runtime\Cache\Home\813d22340d3d49d831b7b87fa73364c1.php 第 230 行.
INFO: Run Behavior\ParseTemplateBehavior [ RunTime:0.073677s ]
INFO: [ view_parse ] --END-- [ RunTime:0.073719s ]
INFO: [ view_filter ] --START--
INFO: Run Behavior\WriteHtmlCacheBehavior [ RunTime:0.000488s ]
INFO: [ view_filter ] --END-- [ RunTime:0.000529s ]
INFO: [ app_end ] --START--
INFO: Run Behavior\ShowPageTraceBehavior [ RunTime:0.000947s ]
INFO: [ app_end ] --END-- [ RunTime:0.001033s ]

[ 2019-06-05T20:17:32+08:00 ] ::1 /MyApp/blogBackend/Home/Mood/index
INFO: [ app_init ] --START--
INFO: Run Behavior\BuildLiteBehavior [ RunTime:0.000013s ]
INFO: [ app_init ] --END-- [ RunTime:0.000428s ]
INFO: [ app_begin ] --START--
INFO: Run Behavior\ReadHtmlCacheBehavior [ RunTime:0.000579s ]
INFO: [ app_begin ] --END-- [ RunTime:0.000628s ]
INFO: [ view_parse ] --START--
INFO: [ template_filter ] --START--
INFO: Run Behavior\ContentReplaceBehavior [ RunTime:0.000129s ]
INFO: [ template_filter ] --END-- [ RunTime:0.000189s ]
INFO: Run Behavior\ParseTemplateBehavior [ RunTime:0.080475s ]
INFO: [ view_parse ] --END-- [ RunTime:0.080539s ]
INFO: [ view_filter ] --START--
INFO: Run Behavior\WriteHtmlCacheBehavior [ RunTime:0.000208s ]
INFO: [ view_filter ] --END-- [ RunTime:0.000231s ]
INFO: [ app_end ] --START--
INFO: Run Behavior\ShowPageTraceBehavior [ RunTime:0.000638s ]
INFO: [ app_end ] --END-- [ RunTime:0.000694s ]

[ 2019-06-05T20:17:34+08:00 ] ::1 /MyApp/blogBackend/Home/FrontEnd/index?type=html5
INFO: [ app_init ] --START--
INFO: Run Behavior\BuildLiteBehavior [ RunTime:0.000012s ]
INFO: [ app_init ] --END-- [ RunTime:0.000413s ]
INFO: [ app_begin ] --START--
INFO: Run Behavior\ReadHtmlCacheBehavior [ RunTime:0.000616s ]
INFO: [ app_begin ] --END-- [ RunTime:0.000669s ]
INFO: [ view_parse ] --START--
INFO: [ template_filter ] --START--
INFO: Run Behavior\ContentReplaceBehavior [ RunTime:0.000091s ]
INFO: [ template_filter ] --END-- [ RunTime:0.000125s ]
INFO: Run Behavior\ParseTemplateBehavior [ RunTime:0.051459s ]
INFO: [ view_parse ] --END-- [ RunTime:0.051581s ]
INFO: [ view_filter ] --START--
INFO: Run Behavior\WriteHtmlCacheBehavior [ RunTime:0.000536s ]
INFO: [ view_filter ] --END-- [ RunTime:0.000614s ]
INFO: [ app_end ] --START--
INFO: Run Behavior\ShowPageTraceBehavior [ RunTime:0.000824s ]
INFO: [ app_end ] --END-- [ RunTime:0.000883s ]

[ 2019-06-05T20:17:39+08:00 ] ::1 /MyApp/blogBackend/Home/Broken/index
INFO: [ app_init ] --START--
INFO: Run Behavior\BuildLiteBehavior [ RunTime:0.000012s ]
INFO: [ app_init ] --END-- [ RunTime:0.000507s ]
INFO: [ app_begin ] --START--
INFO: Run Behavior\ReadHtmlCacheBehavior [ RunTime:0.000771s ]
INFO: [ app_begin ] --END-- [ RunTime:0.000828s ]
SQL: SHOW COLUMNS FROM `broken` [ RunTime:0.0472s ]
SQL: SELECT * FROM `broken`  [ RunTime:0.0008s ]
INFO: [ view_parse ] --START--
INFO: [ template_filter ] --START--
INFO: Run Behavior\ContentReplaceBehavior [ RunTime:0.000089s ]
INFO: [ template_filter ] --END-- [ RunTime:0.000124s ]
INFO: Run Behavior\ParseTemplateBehavior [ RunTime:0.036459s ]
INFO: [ view_parse ] --END-- [ RunTime:0.036526s ]
INFO: [ view_filter ] --START--
INFO: Run Behavior\WriteHtmlCacheBehavior [ RunTime:0.000514s ]
INFO: [ view_filter ] --END-- [ RunTime:0.000554s ]
INFO: [ app_end ] --START--
INFO: Run Behavior\ShowPageTraceBehavior [ RunTime:0.000854s ]
INFO: [ app_end ] --END-- [ RunTime:0.000903s ]

[ 2019-06-05T20:35:45+08:00 ] ::1 /MyApp/blogBackend/Home/MoodManage/showMood8
INFO: [ app_init ] --START--
INFO: Run Behavior\BuildLiteBehavior [ RunTime:0.000018s ]
INFO: [ app_init ] --END-- [ RunTime:0.000545s ]
INFO: [ app_begin ] --START--
INFO: Run Behavior\ReadHtmlCacheBehavior [ RunTime:0.000680s ]
INFO: [ app_begin ] --END-- [ RunTime:0.000729s ]
SQL: SHOW COLUMNS FROM `mood` [ RunTime:0.0808s ]
SQL: SELECT * FROM `mood` ORDER BY id desc LIMIT 8   [ RunTime:0.0532s ]
INFO: [ app_end ] --START--
INFO: Run Behavior\ShowPageTraceBehavior [ RunTime:0.000955s ]
INFO: [ app_end ] --END-- [ RunTime:0.001022s ]

[ 2019-06-05T23:09:23+08:00 ] ::1 /MyApp/blogBackend/Home/Broken/showBroken
INFO: [ app_init ] --START--
INFO: Run Behavior\BuildLiteBehavior [ RunTime:0.000014s ]
INFO: [ app_init ] --END-- [ RunTime:0.000484s ]
INFO: [ app_begin ] --START--
INFO: Run Behavior\ReadHtmlCacheBehavior [ RunTime:0.000763s ]
INFO: [ app_begin ] --END-- [ RunTime:0.000817s ]
SQL: SHOW COLUMNS FROM `broken` [ RunTime:0.0694s ]
SQL: SELECT * FROM `broken` ORDER BY time desc  [ RunTime:0.1166s ]
INFO: [ app_end ] --START--
INFO: Run Behavior\ShowPageTraceBehavior [ RunTime:0.000926s ]
INFO: [ app_end ] --END-- [ RunTime:0.000981s ]

