[ 2019-05-29T00:22:13+08:00 ] ::1 /MyApp/blogBackend/Public/font/fontawesome-webfont.ttf?v=3.2.1
INFO: [ app_init ] --START--
INFO: Run Behavior\BuildLiteBehavior [ RunTime:0.000014s ]
INFO: [ app_init ] --END-- [ RunTime:0.000463s ]
ERR: 无法加载模块:Public

[ 2019-05-29T08:58:47+08:00 ] ::1 /MyApp/blogBackend/Public/font/fontawesome-webfont.woff?v=3.2.1
INFO: [ app_init ] --START--
INFO: Run Behavior\BuildLiteBehavior [ RunTime:0.000063s ]
INFO: [ app_init ] --END-- [ RunTime:0.003703s ]
ERR: 无法加载模块:Public

[ 2019-05-29T08:58:47+08:00 ] ::1 /MyApp/blogBackend/Public/font/fontawesome-webfont.ttf?v=3.2.1
INFO: [ app_init ] --START--
INFO: Run Behavior\BuildLiteBehavior [ RunTime:0.000013s ]
INFO: [ app_init ] --END-- [ RunTime:0.000428s ]
ERR: 无法加载模块:Public

[ 2019-05-29T13:11:52+08:00 ] ::1 /MyApp/blogBackend/Public/font/fontawesome-webfont.woff?v=3.2.1
INFO: [ app_init ] --START--
INFO: Run Behavior\BuildLiteBehavior [ RunTime:0.000015s ]
INFO: [ app_init ] --END-- [ RunTime:0.000717s ]
ERR: 无法加载模块:Public

[ 2019-05-29T13:11:53+08:00 ] ::1 /MyApp/blogBackend/Public/font/fontawesome-webfont.ttf?v=3.2.1
INFO: [ app_init ] --START--
INFO: Run Behavior\BuildLiteBehavior [ RunTime:0.000012s ]
INFO: [ app_init ] --END-- [ RunTime:0.000356s ]
ERR: 无法加载模块:Public

[ 2019-05-29T13:11:54+08:00 ] ::1 /MyApp/blogBackend/Public/font/fontawesome-webfont.woff?v=3.2.1
INFO: [ app_init ] --START--
INFO: Run Behavior\BuildLiteBehavior [ RunTime:0.000009s ]
INFO: [ app_init ] --END-- [ RunTime:0.000344s ]
ERR: 无法加载模块:Public

[ 2019-05-29T13:11:54+08:00 ] ::1 /MyApp/blogBackend/Public/font/fontawesome-webfont.ttf?v=3.2.1
INFO: [ app_init ] --START--
INFO: Run Behavior\BuildLiteBehavior [ RunTime:0.000015s ]
INFO: [ app_init ] --END-- [ RunTime:0.000598s ]
ERR: 无法加载模块:Public

[ 2019-05-29T13:11:55+08:00 ] ::1 /MyApp/blogBackend/Public/font/fontawesome-webfont.woff?v=3.2.1
INFO: [ app_init ] --START--
INFO: Run Behavior\BuildLiteBehavior [ RunTime:0.000009s ]
INFO: [ app_init ] --END-- [ RunTime:0.000300s ]
ERR: 无法加载模块:Public

[ 2019-05-29T13:11:55+08:00 ] ::1 /MyApp/blogBackend/Public/font/fontawesome-webfont.ttf?v=3.2.1
INFO: [ app_init ] --START--
INFO: Run Behavior\BuildLiteBehavior [ RunTime:0.000008s ]
INFO: [ app_init ] --END-- [ RunTime:0.000290s ]
ERR: 无法加载模块:Public

[ 2019-05-29T13:12:13+08:00 ] ::1 /MyApp/blogBackend/Public/font/fontawesome-webfont.woff?v=3.2.1
INFO: [ app_init ] --START--
INFO: Run Behavior\BuildLiteBehavior [ RunTime:0.000008s ]
INFO: [ app_init ] --END-- [ RunTime:0.000315s ]
ERR: 无法加载模块:Public

[ 2019-05-29T13:12:13+08:00 ] ::1 /MyApp/blogBackend/Public/font/fontawesome-webfont.ttf?v=3.2.1
INFO: [ app_init ] --START--
INFO: Run Behavior\BuildLiteBehavior [ RunTime:0.000008s ]
INFO: [ app_init ] --END-- [ RunTime:0.000302s ]
ERR: 无法加载模块:Public

[ 2019-05-29T13:12:14+08:00 ] ::1 /MyApp/blogBackend/Public/font/fontawesome-webfont.woff?v=3.2.1
INFO: [ app_init ] --START--
INFO: Run Behavior\BuildLiteBehavior [ RunTime:0.000013s ]
INFO: [ app_init ] --END-- [ RunTime:0.000457s ]
ERR: 无法加载模块:Public

[ 2019-05-29T13:12:14+08:00 ] ::1 /MyApp/blogBackend/Public/font/fontawesome-webfont.ttf?v=3.2.1
INFO: [ app_init ] --START--
INFO: Run Behavior\BuildLiteBehavior [ RunTime:0.000014s ]
INFO: [ app_init ] --END-- [ RunTime:0.001200s ]
ERR: 无法加载模块:Public

[ 2019-05-29T13:12:33+08:00 ] ::1 /MyApp/blogBackend/Public/font/fontawesome-webfont.woff?v=3.2.1
INFO: [ app_init ] --START--
INFO: Run Behavior\BuildLiteBehavior [ RunTime:0.000013s ]
INFO: [ app_init ] --END-- [ RunTime:0.000484s ]
ERR: 无法加载模块:Public

[ 2019-05-29T13:12:33+08:00 ] ::1 /MyApp/blogBackend/Public/font/fontawesome-webfont.ttf?v=3.2.1
INFO: [ app_init ] --START--
INFO: Run Behavior\BuildLiteBehavior [ RunTime:0.000013s ]
INFO: [ app_init ] --END-- [ RunTime:0.000453s ]
ERR: 无法加载模块:Public

[ 2019-05-29T13:12:56+08:00 ] ::1 /MyApp/blogBackend/Public/font/fontawesome-webfont.woff?v=3.2.1
INFO: [ app_init ] --START--
INFO: Run Behavior\BuildLiteBehavior [ RunTime:0.000008s ]
INFO: [ app_init ] --END-- [ RunTime:0.000277s ]
ERR: 无法加载模块:Public

[ 2019-05-29T13:12:56+08:00 ] ::1 /MyApp/blogBackend/Public/font/fontawesome-webfont.ttf?v=3.2.1
INFO: [ app_init ] --START--
INFO: Run Behavior\BuildLiteBehavior [ RunTime:0.000011s ]
INFO: [ app_init ] --END-- [ RunTime:0.000460s ]
ERR: 无法加载模块:Public

[ 2019-05-29T13:13:23+08:00 ] ::1 /MyApp/blogBackend/Public/font/fontawesome-webfont.woff?v=3.2.1
INFO: [ app_init ] --START--
INFO: Run Behavior\BuildLiteBehavior [ RunTime:0.000009s ]
INFO: [ app_init ] --END-- [ RunTime:0.000282s ]
ERR: 无法加载模块:Public

[ 2019-05-29T13:13:23+08:00 ] ::1 /MyApp/blogBackend/Public/font/fontawesome-webfont.ttf?v=3.2.1
INFO: [ app_init ] --START--
INFO: Run Behavior\BuildLiteBehavior [ RunTime:0.000008s ]
INFO: [ app_init ] --END-- [ RunTime:0.000322s ]
ERR: 无法加载模块:Public

[ 2019-05-29T13:14:51+08:00 ] ::1 /MyApp/blogBackend/Public/font/fontawesome-webfont.woff?v=3.2.1
INFO: [ app_init ] --START--
INFO: Run Behavior\BuildLiteBehavior [ RunTime:0.000011s ]
INFO: [ app_init ] --END-- [ RunTime:0.000490s ]
ERR: 无法加载模块:Public

[ 2019-05-29T13:14:51+08:00 ] ::1 /MyApp/blogBackend/Public/font/fontawesome-webfont.ttf?v=3.2.1
INFO: [ app_init ] --START--
INFO: Run Behavior\BuildLiteBehavior [ RunTime:0.000012s ]
INFO: [ app_init ] --END-- [ RunTime:0.000469s ]
ERR: 无法加载模块:Public

[ 2019-05-29T13:18:24+08:00 ] ::1 /MyApp/blogBackend/Public/font/fontawesome-webfont.woff?v=3.2.1
INFO: [ app_init ] --START--
INFO: Run Behavior\BuildLiteBehavior [ RunTime:0.000010s ]
INFO: [ app_init ] --END-- [ RunTime:0.000391s ]
ERR: 无法加载模块:Public

[ 2019-05-29T13:18:24+08:00 ] ::1 /MyApp/blogBackend/Public/font/fontawesome-webfont.ttf?v=3.2.1
INFO: [ app_init ] --START--
INFO: Run Behavior\BuildLiteBehavior [ RunTime:0.000012s ]
INFO: [ app_init ] --END-- [ RunTime:0.000545s ]
ERR: 无法加载模块:Public

[ 2019-05-29T13:20:14+08:00 ] ::1 /MyApp/blogBackend/Public/font/fontawesome-webfont.woff?v=3.2.1
INFO: [ app_init ] --START--
INFO: Run Behavior\BuildLiteBehavior [ RunTime:0.000013s ]
INFO: [ app_init ] --END-- [ RunTime:0.000549s ]
ERR: 无法加载模块:Public

[ 2019-05-29T13:20:14+08:00 ] ::1 /MyApp/blogBackend/Public/font/fontawesome-webfont.ttf?v=3.2.1
INFO: [ app_init ] --START--
INFO: Run Behavior\BuildLiteBehavior [ RunTime:0.000012s ]
INFO: [ app_init ] --END-- [ RunTime:0.000494s ]
ERR: 无法加载模块:Public

[ 2019-05-29T13:20:39+08:00 ] ::1 /MyApp/blogBackend/Public/font/fontawesome-webfont.woff?v=3.2.1
INFO: [ app_init ] --START--
INFO: Run Behavior\BuildLiteBehavior [ RunTime:0.000008s ]
INFO: [ app_init ] --END-- [ RunTime:0.000301s ]
ERR: 无法加载模块:Public

[ 2019-05-29T13:20:39+08:00 ] ::1 /MyApp/blogBackend/Public/font/fontawesome-webfont.ttf?v=3.2.1
INFO: [ app_init ] --START--
INFO: Run Behavior\BuildLiteBehavior [ RunTime:0.000016s ]
INFO: [ app_init ] --END-- [ RunTime:0.000501s ]
ERR: 无法加载模块:Public

[ 2019-05-29T13:22:23+08:00 ] ::1 /MyApp/blogBackend/Public/font/fontawesome-webfont.woff?v=3.2.1
INFO: [ app_init ] --START--
INFO: Run Behavior\BuildLiteBehavior [ RunTime:0.000013s ]
INFO: [ app_init ] --END-- [ RunTime:0.000456s ]
ERR: 无法加载模块:Public

[ 2019-05-29T13:22:23+08:00 ] ::1 /MyApp/blogBackend/Public/font/fontawesome-webfont.ttf?v=3.2.1
INFO: [ app_init ] --START--
INFO: Run Behavior\BuildLiteBehavior [ RunTime:0.000012s ]
INFO: [ app_init ] --END-- [ RunTime:0.000410s ]
ERR: 无法加载模块:Public

[ 2019-05-29T13:28:41+08:00 ] ::1 /MyApp/blogBackend/Public/font/fontawesome-webfont.woff?v=3.2.1
INFO: [ app_init ] --START--
INFO: Run Behavior\BuildLiteBehavior [ RunTime:0.000013s ]
INFO: [ app_init ] --END-- [ RunTime:0.000445s ]
ERR: 无法加载模块:Public

[ 2019-05-29T13:28:41+08:00 ] ::1 /MyApp/blogBackend/Public/font/fontawesome-webfont.ttf?v=3.2.1
INFO: [ app_init ] --START--
INFO: Run Behavior\BuildLiteBehavior [ RunTime:0.000011s ]
INFO: [ app_init ] --END-- [ RunTime:0.000476s ]
ERR: 无法加载模块:Public

[ 2019-05-29T13:29:02+08:00 ] ::1 /MyApp/blogBackend/Public/font/fontawesome-webfont.woff?v=3.2.1
INFO: [ app_init ] --START--
INFO: Run Behavior\BuildLiteBehavior [ RunTime:0.000012s ]
INFO: [ app_init ] --END-- [ RunTime:0.000433s ]
ERR: 无法加载模块:Public

[ 2019-05-29T13:29:02+08:00 ] ::1 /MyApp/blogBackend/Public/font/fontawesome-webfont.ttf?v=3.2.1
INFO: [ app_init ] --START--
INFO: Run Behavior\BuildLiteBehavior [ RunTime:0.000008s ]
INFO: [ app_init ] --END-- [ RunTime:0.000263s ]
ERR: 无法加载模块:Public

[ 2019-05-29T13:29:04+08:00 ] ::1 /MyApp/blogBackend/Public/font/fontawesome-webfont.woff?v=3.2.1
INFO: [ app_init ] --START--
INFO: Run Behavior\BuildLiteBehavior [ RunTime:0.000009s ]
INFO: [ app_init ] --END-- [ RunTime:0.000335s ]
ERR: 无法加载模块:Public

[ 2019-05-29T13:29:04+08:00 ] ::1 /MyApp/blogBackend/Public/font/fontawesome-webfont.ttf?v=3.2.1
INFO: [ app_init ] --START--
INFO: Run Behavior\BuildLiteBehavior [ RunTime:0.000007s ]
INFO: [ app_init ] --END-- [ RunTime:0.000262s ]
ERR: 无法加载模块:Public

[ 2019-05-29T13:32:55+08:00 ] ::1 /MyApp/blogBackend/Public/font/fontawesome-webfont.woff?v=3.2.1
INFO: [ app_init ] --START--
INFO: Run Behavior\BuildLiteBehavior [ RunTime:0.000012s ]
INFO: [ app_init ] --END-- [ RunTime:0.000444s ]
ERR: 无法加载模块:Public

[ 2019-05-29T13:32:55+08:00 ] ::1 /MyApp/blogBackend/Public/font/fontawesome-webfont.ttf?v=3.2.1
INFO: [ app_init ] --START--
INFO: Run Behavior\BuildLiteBehavior [ RunTime:0.000016s ]
INFO: [ app_init ] --END-- [ RunTime:0.000407s ]
ERR: 无法加载模块:Public

[ 2019-05-29T13:33:04+08:00 ] ::1 /MyApp/blogBackend/Public/font/fontawesome-webfont.woff?v=3.2.1
INFO: [ app_init ] --START--
INFO: Run Behavior\BuildLiteBehavior [ RunTime:0.000019s ]
INFO: [ app_init ] --END-- [ RunTime:0.000682s ]
ERR: 无法加载模块:Public

[ 2019-05-29T13:33:04+08:00 ] ::1 /MyApp/blogBackend/Public/font/fontawesome-webfont.ttf?v=3.2.1
INFO: [ app_init ] --START--
INFO: Run Behavior\BuildLiteBehavior [ RunTime:0.000008s ]
INFO: [ app_init ] --END-- [ RunTime:0.000275s ]
ERR: 无法加载模块:Public

[ 2019-05-29T18:52:41+08:00 ] ::1 /MyApp/blogBackend/Public/font/fontawesome-webfont.woff?v=3.2.1
INFO: [ app_init ] --START--
INFO: Run Behavior\BuildLiteBehavior [ RunTime:0.000008s ]
INFO: [ app_init ] --END-- [ RunTime:0.000368s ]
ERR: 无法加载模块:Public

[ 2019-05-29T18:52:41+08:00 ] ::1 /MyApp/blogBackend/Public/font/fontawesome-webfont.ttf?v=3.2.1
INFO: [ app_init ] --START--
INFO: Run Behavior\BuildLiteBehavior [ RunTime:0.000008s ]
INFO: [ app_init ] --END-- [ RunTime:0.000276s ]
ERR: 无法加载模块:Public

[ 2019-05-29T19:09:24+08:00 ] ::1 /MyApp/blogBackend/Public/font/fontawesome-webfont.woff?v=3.2.1
INFO: [ app_init ] --START--
INFO: Run Behavior\BuildLiteBehavior [ RunTime:0.000007s ]
INFO: [ app_init ] --END-- [ RunTime:0.000260s ]
ERR: 无法加载模块:Public

[ 2019-05-29T19:09:24+08:00 ] ::1 /MyApp/blogBackend/Public/font/fontawesome-webfont.ttf?v=3.2.1
INFO: [ app_init ] --START--
INFO: Run Behavior\BuildLiteBehavior [ RunTime:0.000012s ]
INFO: [ app_init ] --END-- [ RunTime:0.000504s ]
ERR: 无法加载模块:Public

[ 2019-05-29T19:21:29+08:00 ] ::1 /MyApp/blogBackend/Public/font/fontawesome-webfont.woff?v=3.2.1
INFO: [ app_init ] --START--
INFO: Run Behavior\BuildLiteBehavior [ RunTime:0.000007s ]
INFO: [ app_init ] --END-- [ RunTime:0.000278s ]
ERR: 无法加载模块:Public

[ 2019-05-29T19:21:29+08:00 ] ::1 /MyApp/blogBackend/Public/font/fontawesome-webfont.ttf?v=3.2.1
INFO: [ app_init ] --START--
INFO: Run Behavior\BuildLiteBehavior [ RunTime:0.000016s ]
INFO: [ app_init ] --END-- [ RunTime:0.000508s ]
ERR: 无法加载模块:Public

[ 2019-05-29T19:21:35+08:00 ] ::1 /MyApp/blogBackend/Public/font/fontawesome-webfont.woff?v=3.2.1
INFO: [ app_init ] --START--
INFO: Run Behavior\BuildLiteBehavior [ RunTime:0.000010s ]
INFO: [ app_init ] --END-- [ RunTime:0.000440s ]
ERR: 无法加载模块:Public

[ 2019-05-29T19:21:35+08:00 ] ::1 /MyApp/blogBackend/Public/font/fontawesome-webfont.ttf?v=3.2.1
INFO: [ app_init ] --START--
INFO: Run Behavior\BuildLiteBehavior [ RunTime:0.000011s ]
INFO: [ app_init ] --END-- [ RunTime:0.000316s ]
ERR: 无法加载模块:Public

[ 2019-05-29T19:22:04+08:00 ] ::1 /MyApp/blogBackend/Public/font/fontawesome-webfont.woff?v=3.2.1
INFO: [ app_init ] --START--
INFO: Run Behavior\BuildLiteBehavior [ RunTime:0.000014s ]
INFO: [ app_init ] --END-- [ RunTime:0.000472s ]
ERR: 无法加载模块:Public

[ 2019-05-29T19:22:04+08:00 ] ::1 /MyApp/blogBackend/Public/font/fontawesome-webfont.ttf?v=3.2.1
INFO: [ app_init ] --START--
INFO: Run Behavior\BuildLiteBehavior [ RunTime:0.000013s ]
INFO: [ app_init ] --END-- [ RunTime:0.000501s ]
ERR: 无法加载模块:Public

[ 2019-05-29T19:22:44+08:00 ] ::1 /MyApp/blogBackend/Public/font/fontawesome-webfont.woff?v=3.2.1
INFO: [ app_init ] --START--
INFO: Run Behavior\BuildLiteBehavior [ RunTime:0.000009s ]
INFO: [ app_init ] --END-- [ RunTime:0.000273s ]
ERR: 无法加载模块:Public

[ 2019-05-29T19:22:44+08:00 ] ::1 /MyApp/blogBackend/Public/font/fontawesome-webfont.ttf?v=3.2.1
INFO: [ app_init ] --START--
INFO: Run Behavior\BuildLiteBehavior [ RunTime:0.000009s ]
INFO: [ app_init ] --END-- [ RunTime:0.000295s ]
ERR: 无法加载模块:Public

[ 2019-05-29T19:23:36+08:00 ] ::1 /MyApp/blogBackend/Public/font/fontawesome-webfont.woff?v=3.2.1
INFO: [ app_init ] --START--
INFO: Run Behavior\BuildLiteBehavior [ RunTime:0.000012s ]
INFO: [ app_init ] --END-- [ RunTime:0.000501s ]
ERR: 无法加载模块:Public

[ 2019-05-29T19:23:36+08:00 ] ::1 /MyApp/blogBackend/Public/font/fontawesome-webfont.ttf?v=3.2.1
INFO: [ app_init ] --START--
INFO: Run Behavior\BuildLiteBehavior [ RunTime:0.000008s ]
INFO: [ app_init ] --END-- [ RunTime:0.000399s ]
ERR: 无法加载模块:Public

[ 2019-05-29T19:25:14+08:00 ] ::1 /MyApp/blogBackend/Public/font/fontawesome-webfont.woff?v=3.2.1
INFO: [ app_init ] --START--
INFO: Run Behavior\BuildLiteBehavior [ RunTime:0.000013s ]
INFO: [ app_init ] --END-- [ RunTime:0.000404s ]
ERR: 无法加载模块:Public

[ 2019-05-29T19:25:14+08:00 ] ::1 /MyApp/blogBackend/Public/font/fontawesome-webfont.ttf?v=3.2.1
INFO: [ app_init ] --START--
INFO: Run Behavior\BuildLiteBehavior [ RunTime:0.000012s ]
INFO: [ app_init ] --END-- [ RunTime:0.000483s ]
ERR: 无法加载模块:Public

[ 2019-05-29T19:29:58+08:00 ] ::1 /MyApp/blogBackend/Public/font/fontawesome-webfont.woff?v=3.2.1
INFO: [ app_init ] --START--
INFO: Run Behavior\BuildLiteBehavior [ RunTime:0.000013s ]
INFO: [ app_init ] --END-- [ RunTime:0.000432s ]
ERR: 无法加载模块:Public

[ 2019-05-29T19:29:58+08:00 ] ::1 /MyApp/blogBackend/Public/font/fontawesome-webfont.ttf?v=3.2.1
INFO: [ app_init ] --START--
INFO: Run Behavior\BuildLiteBehavior [ RunTime:0.000014s ]
INFO: [ app_init ] --END-- [ RunTime:0.000457s ]
ERR: 无法加载模块:Public

[ 2019-05-29T19:30:19+08:00 ] ::1 /MyApp/blogBackend/Public/font/fontawesome-webfont.woff?v=3.2.1
INFO: [ app_init ] --START--
INFO: Run Behavior\BuildLiteBehavior [ RunTime:0.000012s ]
INFO: [ app_init ] --END-- [ RunTime:0.000392s ]
ERR: 无法加载模块:Public

[ 2019-05-29T19:30:19+08:00 ] ::1 /MyApp/blogBackend/Public/font/fontawesome-webfont.ttf?v=3.2.1
INFO: [ app_init ] --START--
INFO: Run Behavior\BuildLiteBehavior [ RunTime:0.000013s ]
INFO: [ app_init ] --END-- [ RunTime:0.000462s ]
ERR: 无法加载模块:Public

[ 2019-05-29T19:30:22+08:00 ] ::1 /MyApp/blogBackend/Public/font/fontawesome-webfont.woff?v=3.2.1
INFO: [ app_init ] --START--
INFO: Run Behavior\BuildLiteBehavior [ RunTime:0.000012s ]
INFO: [ app_init ] --END-- [ RunTime:0.000371s ]
ERR: 无法加载模块:Public

[ 2019-05-29T19:30:22+08:00 ] ::1 /MyApp/blogBackend/Public/font/fontawesome-webfont.ttf?v=3.2.1
INFO: [ app_init ] --START--
INFO: Run Behavior\BuildLiteBehavior [ RunTime:0.000009s ]
INFO: [ app_init ] --END-- [ RunTime:0.000320s ]
ERR: 无法加载模块:Public

[ 2019-05-29T19:32:00+08:00 ] ::1 /MyApp/blogBackend/Public/font/fontawesome-webfont.woff?v=3.2.1
INFO: [ app_init ] --START--
INFO: Run Behavior\BuildLiteBehavior [ RunTime:0.000009s ]
INFO: [ app_init ] --END-- [ RunTime:0.000285s ]
ERR: 无法加载模块:Public

[ 2019-05-29T19:32:01+08:00 ] ::1 /MyApp/blogBackend/Public/font/fontawesome-webfont.ttf?v=3.2.1
INFO: [ app_init ] --START--
INFO: Run Behavior\BuildLiteBehavior [ RunTime:0.000012s ]
INFO: [ app_init ] --END-- [ RunTime:0.000400s ]
ERR: 无法加载模块:Public

[ 2019-05-29T19:32:03+08:00 ] ::1 /MyApp/blogBackend/Public/font/fontawesome-webfont.woff?v=3.2.1
INFO: [ app_init ] --START--
INFO: Run Behavior\BuildLiteBehavior [ RunTime:0.000015s ]
INFO: [ app_init ] --END-- [ RunTime:0.000402s ]
ERR: 无法加载模块:Public

[ 2019-05-29T19:32:03+08:00 ] ::1 /MyApp/blogBackend/Public/font/fontawesome-webfont.ttf?v=3.2.1
INFO: [ app_init ] --START--
INFO: Run Behavior\BuildLiteBehavior [ RunTime:0.000010s ]
INFO: [ app_init ] --END-- [ RunTime:0.000358s ]
ERR: 无法加载模块:Public

[ 2019-05-29T19:32:24+08:00 ] ::1 /MyApp/blogBackend/Public/font/fontawesome-webfont.woff?v=3.2.1
INFO: [ app_init ] --START--
INFO: Run Behavior\BuildLiteBehavior [ RunTime:0.000014s ]
INFO: [ app_init ] --END-- [ RunTime:0.000446s ]
ERR: 无法加载模块:Public

[ 2019-05-29T19:32:24+08:00 ] ::1 /MyApp/blogBackend/Public/font/fontawesome-webfont.ttf?v=3.2.1
INFO: [ app_init ] --START--
INFO: Run Behavior\BuildLiteBehavior [ RunTime:0.000013s ]
INFO: [ app_init ] --END-- [ RunTime:0.000314s ]
ERR: 无法加载模块:Public

[ 2019-05-29T19:33:43+08:00 ] ::1 /MyApp/blogBackend/Public/font/fontawesome-webfont.woff?v=3.2.1
INFO: [ app_init ] --START--
INFO: Run Behavior\BuildLiteBehavior [ RunTime:0.000012s ]
INFO: [ app_init ] --END-- [ RunTime:0.000415s ]
ERR: 无法加载模块:Public

[ 2019-05-29T19:33:43+08:00 ] ::1 /MyApp/blogBackend/Public/font/fontawesome-webfont.ttf?v=3.2.1
INFO: [ app_init ] --START--
INFO: Run Behavior\BuildLiteBehavior [ RunTime:0.000015s ]
INFO: [ app_init ] --END-- [ RunTime:0.001356s ]
ERR: 无法加载模块:Public

[ 2019-05-29T19:34:48+08:00 ] ::1 /MyApp/blogBackend/Public/font/fontawesome-webfont.woff?v=3.2.1
INFO: [ app_init ] --START--
INFO: Run Behavior\BuildLiteBehavior [ RunTime:0.000008s ]
INFO: [ app_init ] --END-- [ RunTime:0.000286s ]
ERR: 无法加载模块:Public

[ 2019-05-29T19:34:48+08:00 ] ::1 /MyApp/blogBackend/Public/font/fontawesome-webfont.ttf?v=3.2.1
INFO: [ app_init ] --START--
INFO: Run Behavior\BuildLiteBehavior [ RunTime:0.000016s ]
INFO: [ app_init ] --END-- [ RunTime:0.000488s ]
ERR: 无法加载模块:Public

[ 2019-05-29T19:35:18+08:00 ] ::1 /MyApp/blogBackend/Public/font/fontawesome-webfont.woff?v=3.2.1
INFO: [ app_init ] --START--
INFO: Run Behavior\BuildLiteBehavior [ RunTime:0.000014s ]
INFO: [ app_init ] --END-- [ RunTime:0.000448s ]
ERR: 无法加载模块:Public

[ 2019-05-29T19:35:18+08:00 ] ::1 /MyApp/blogBackend/Public/font/fontawesome-webfont.ttf?v=3.2.1
INFO: [ app_init ] --START--
INFO: Run Behavior\BuildLiteBehavior [ RunTime:0.000014s ]
INFO: [ app_init ] --END-- [ RunTime:0.000483s ]
ERR: 无法加载模块:Public

[ 2019-05-29T19:35:29+08:00 ] ::1 /MyApp/blogBackend/Public/font/fontawesome-webfont.woff?v=3.2.1
INFO: [ app_init ] --START--
INFO: Run Behavior\BuildLiteBehavior [ RunTime:0.000014s ]
INFO: [ app_init ] --END-- [ RunTime:0.000448s ]
ERR: 无法加载模块:Public

[ 2019-05-29T19:35:29+08:00 ] ::1 /MyApp/blogBackend/Public/font/fontawesome-webfont.ttf?v=3.2.1
INFO: [ app_init ] --START--
INFO: Run Behavior\BuildLiteBehavior [ RunTime:0.000013s ]
INFO: [ app_init ] --END-- [ RunTime:0.000448s ]
ERR: 无法加载模块:Public

[ 2019-05-29T19:35:36+08:00 ] ::1 /MyApp/blogBackend/Public/font/fontawesome-webfont.woff?v=3.2.1
INFO: [ app_init ] --START--
INFO: Run Behavior\BuildLiteBehavior [ RunTime:0.000013s ]
INFO: [ app_init ] --END-- [ RunTime:0.000436s ]
ERR: 无法加载模块:Public

[ 2019-05-29T19:35:36+08:00 ] ::1 /MyApp/blogBackend/Public/font/fontawesome-webfont.ttf?v=3.2.1
INFO: [ app_init ] --START--
INFO: Run Behavior\BuildLiteBehavior [ RunTime:0.000014s ]
INFO: [ app_init ] --END-- [ RunTime:0.000475s ]
ERR: 无法加载模块:Public

[ 2019-05-29T19:35:38+08:00 ] ::1 /MyApp/blogBackend/Public/font/fontawesome-webfont.woff?v=3.2.1
INFO: [ app_init ] --START--
INFO: Run Behavior\BuildLiteBehavior [ RunTime:0.000010s ]
INFO: [ app_init ] --END-- [ RunTime:0.000429s ]
ERR: 无法加载模块:Public

[ 2019-05-29T19:35:38+08:00 ] ::1 /MyApp/blogBackend/Public/font/fontawesome-webfont.ttf?v=3.2.1
INFO: [ app_init ] --START--
INFO: Run Behavior\BuildLiteBehavior [ RunTime:0.000008s ]
INFO: [ app_init ] --END-- [ RunTime:0.000318s ]
ERR: 无法加载模块:Public

[ 2019-05-29T19:35:52+08:00 ] ::1 /MyApp/blogBackend/Public/font/fontawesome-webfont.woff?v=3.2.1
INFO: [ app_init ] --START--
INFO: Run Behavior\BuildLiteBehavior [ RunTime:0.000015s ]
INFO: [ app_init ] --END-- [ RunTime:0.000478s ]
ERR: 无法加载模块:Public

[ 2019-05-29T19:35:52+08:00 ] ::1 /MyApp/blogBackend/Public/font/fontawesome-webfont.ttf?v=3.2.1
INFO: [ app_init ] --START--
INFO: Run Behavior\BuildLiteBehavior [ RunTime:0.000008s ]
INFO: [ app_init ] --END-- [ RunTime:0.000282s ]
ERR: 无法加载模块:Public

[ 2019-05-29T19:36:39+08:00 ] ::1 /MyApp/blogBackend/Public/font/fontawesome-webfont.woff?v=3.2.1
INFO: [ app_init ] --START--
INFO: Run Behavior\BuildLiteBehavior [ RunTime:0.000016s ]
INFO: [ app_init ] --END-- [ RunTime:0.000483s ]
ERR: 无法加载模块:Public

[ 2019-05-29T19:36:39+08:00 ] ::1 /MyApp/blogBackend/Public/font/fontawesome-webfont.ttf?v=3.2.1
INFO: [ app_init ] --START--
INFO: Run Behavior\BuildLiteBehavior [ RunTime:0.000012s ]
INFO: [ app_init ] --END-- [ RunTime:0.000404s ]
ERR: 无法加载模块:Public

[ 2019-05-29T19:36:42+08:00 ] ::1 /MyApp/blogBackend/Public/font/fontawesome-webfont.woff?v=3.2.1
INFO: [ app_init ] --START--
INFO: Run Behavior\BuildLiteBehavior [ RunTime:0.000014s ]
INFO: [ app_init ] --END-- [ RunTime:0.000541s ]
ERR: 无法加载模块:Public

[ 2019-05-29T19:36:42+08:00 ] ::1 /MyApp/blogBackend/Public/font/fontawesome-webfont.ttf?v=3.2.1
INFO: [ app_init ] --START--
INFO: Run Behavior\BuildLiteBehavior [ RunTime:0.000013s ]
INFO: [ app_init ] --END-- [ RunTime:0.000479s ]
ERR: 无法加载模块:Public

[ 2019-05-29T19:36:54+08:00 ] ::1 /MyApp/blogBackend/Public/font/fontawesome-webfont.woff?v=3.2.1
INFO: [ app_init ] --START--
INFO: Run Behavior\BuildLiteBehavior [ RunTime:0.000012s ]
INFO: [ app_init ] --END-- [ RunTime:0.000475s ]
ERR: 无法加载模块:Public

[ 2019-05-29T19:36:54+08:00 ] ::1 /MyApp/blogBackend/Public/font/fontawesome-webfont.ttf?v=3.2.1
INFO: [ app_init ] --START--
INFO: Run Behavior\BuildLiteBehavior [ RunTime:0.000009s ]
INFO: [ app_init ] --END-- [ RunTime:0.000311s ]
ERR: 无法加载模块:Public

[ 2019-05-29T19:36:56+08:00 ] ::1 /MyApp/blogBackend/Public/font/fontawesome-webfont.woff?v=3.2.1
INFO: [ app_init ] --START--
INFO: Run Behavior\BuildLiteBehavior [ RunTime:0.000014s ]
INFO: [ app_init ] --END-- [ RunTime:0.000425s ]
ERR: 无法加载模块:Public

[ 2019-05-29T19:36:56+08:00 ] ::1 /MyApp/blogBackend/Public/font/fontawesome-webfont.ttf?v=3.2.1
INFO: [ app_init ] --START--
INFO: Run Behavior\BuildLiteBehavior [ RunTime:0.000012s ]
INFO: [ app_init ] --END-- [ RunTime:0.000456s ]
ERR: 无法加载模块:Public

[ 2019-05-29T19:36:58+08:00 ] ::1 /MyApp/blogBackend/Public/font/fontawesome-webfont.woff?v=3.2.1
INFO: [ app_init ] --START--
INFO: Run Behavior\BuildLiteBehavior [ RunTime:0.000013s ]
INFO: [ app_init ] --END-- [ RunTime:0.000494s ]
ERR: 无法加载模块:Public

[ 2019-05-29T19:36:59+08:00 ] ::1 /MyApp/blogBackend/Public/font/fontawesome-webfont.ttf?v=3.2.1
INFO: [ app_init ] --START--
INFO: Run Behavior\BuildLiteBehavior [ RunTime:0.000011s ]
INFO: [ app_init ] --END-- [ RunTime:0.000405s ]
ERR: 无法加载模块:Public

[ 2019-05-29T19:37:00+08:00 ] ::1 /MyApp/blogBackend/Public/font/fontawesome-webfont.woff?v=3.2.1
INFO: [ app_init ] --START--
INFO: Run Behavior\BuildLiteBehavior [ RunTime:0.000014s ]
INFO: [ app_init ] --END-- [ RunTime:0.000572s ]
ERR: 无法加载模块:Public

[ 2019-05-29T19:37:00+08:00 ] ::1 /MyApp/blogBackend/Public/font/fontawesome-webfont.ttf?v=3.2.1
INFO: [ app_init ] --START--
INFO: Run Behavior\BuildLiteBehavior [ RunTime:0.000012s ]
INFO: [ app_init ] --END-- [ RunTime:0.000435s ]
ERR: 无法加载模块:Public

[ 2019-05-29T19:37:04+08:00 ] ::1 /MyApp/blogBackend/Public/font/fontawesome-webfont.woff?v=3.2.1
INFO: [ app_init ] --START--
INFO: Run Behavior\BuildLiteBehavior [ RunTime:0.000013s ]
INFO: [ app_init ] --END-- [ RunTime:0.000445s ]
ERR: 无法加载模块:Public

[ 2019-05-29T19:37:04+08:00 ] ::1 /MyApp/blogBackend/Public/font/fontawesome-webfont.ttf?v=3.2.1
INFO: [ app_init ] --START--
INFO: Run Behavior\BuildLiteBehavior [ RunTime:0.000012s ]
INFO: [ app_init ] --END-- [ RunTime:0.000427s ]
ERR: 无法加载模块:Public

[ 2019-05-29T19:37:05+08:00 ] ::1 /MyApp/blogBackend/Public/font/fontawesome-webfont.woff?v=3.2.1
INFO: [ app_init ] --START--
INFO: Run Behavior\BuildLiteBehavior [ RunTime:0.000013s ]
INFO: [ app_init ] --END-- [ RunTime:0.000455s ]
ERR: 无法加载模块:Public

[ 2019-05-29T19:37:05+08:00 ] ::1 /MyApp/blogBackend/Public/font/fontawesome-webfont.ttf?v=3.2.1
INFO: [ app_init ] --START--
INFO: Run Behavior\BuildLiteBehavior [ RunTime:0.000013s ]
INFO: [ app_init ] --END-- [ RunTime:0.000467s ]
ERR: 无法加载模块:Public

[ 2019-05-29T19:37:17+08:00 ] ::1 /MyApp/blogBackend/Public/font/fontawesome-webfont.woff?v=3.2.1
INFO: [ app_init ] --START--
INFO: Run Behavior\BuildLiteBehavior [ RunTime:0.000011s ]
INFO: [ app_init ] --END-- [ RunTime:0.000380s ]
ERR: 无法加载模块:Public

[ 2019-05-29T19:37:17+08:00 ] ::1 /MyApp/blogBackend/Public/font/fontawesome-webfont.ttf?v=3.2.1
INFO: [ app_init ] --START--
INFO: Run Behavior\BuildLiteBehavior [ RunTime:0.000012s ]
INFO: [ app_init ] --END-- [ RunTime:0.000446s ]
ERR: 无法加载模块:Public

[ 2019-05-29T19:37:20+08:00 ] ::1 /MyApp/blogBackend/Public/font/fontawesome-webfont.woff?v=3.2.1
INFO: [ app_init ] --START--
INFO: Run Behavior\BuildLiteBehavior [ RunTime:0.000013s ]
INFO: [ app_init ] --END-- [ RunTime:0.000456s ]
ERR: 无法加载模块:Public

[ 2019-05-29T19:37:20+08:00 ] ::1 /MyApp/blogBackend/Public/font/fontawesome-webfont.ttf?v=3.2.1
INFO: [ app_init ] --START--
INFO: Run Behavior\BuildLiteBehavior [ RunTime:0.000014s ]
INFO: [ app_init ] --END-- [ RunTime:0.000535s ]
ERR: 无法加载模块:Public

[ 2019-05-29T19:37:21+08:00 ] ::1 /MyApp/blogBackend/Public/font/fontawesome-webfont.woff?v=3.2.1
INFO: [ app_init ] --START--
INFO: Run Behavior\BuildLiteBehavior [ RunTime:0.000014s ]
INFO: [ app_init ] --END-- [ RunTime:0.000401s ]
ERR: 无法加载模块:Public

[ 2019-05-29T19:37:21+08:00 ] ::1 /MyApp/blogBackend/Public/font/fontawesome-webfont.ttf?v=3.2.1
INFO: [ app_init ] --START--
INFO: Run Behavior\BuildLiteBehavior [ RunTime:0.000011s ]
INFO: [ app_init ] --END-- [ RunTime:0.000442s ]
ERR: 无法加载模块:Public

[ 2019-05-29T19:37:21+08:00 ] ::1 /MyApp/blogBackend/Public/font/fontawesome-webfont.woff?v=3.2.1
INFO: [ app_init ] --START--
INFO: Run Behavior\BuildLiteBehavior [ RunTime:0.000013s ]
INFO: [ app_init ] --END-- [ RunTime:0.000412s ]
ERR: 无法加载模块:Public

[ 2019-05-29T19:37:21+08:00 ] ::1 /MyApp/blogBackend/Public/font/fontawesome-webfont.ttf?v=3.2.1
INFO: [ app_init ] --START--
INFO: Run Behavior\BuildLiteBehavior [ RunTime:0.000014s ]
INFO: [ app_init ] --END-- [ RunTime:0.000677s ]
ERR: 无法加载模块:Public

[ 2019-05-29T19:37:26+08:00 ] ::1 /MyApp/blogBackend/Public/font/fontawesome-webfont.woff?v=3.2.1
INFO: [ app_init ] --START--
INFO: Run Behavior\BuildLiteBehavior [ RunTime:0.000014s ]
INFO: [ app_init ] --END-- [ RunTime:0.000445s ]
ERR: 无法加载模块:Public

[ 2019-05-29T19:37:26+08:00 ] ::1 /MyApp/blogBackend/Public/font/fontawesome-webfont.ttf?v=3.2.1
INFO: [ app_init ] --START--
INFO: Run Behavior\BuildLiteBehavior [ RunTime:0.000023s ]
INFO: [ app_init ] --END-- [ RunTime:0.000645s ]
ERR: 无法加载模块:Public

[ 2019-05-29T19:38:41+08:00 ] ::1 /MyApp/blogBackend/Public/font/fontawesome-webfont.woff?v=3.2.1
INFO: [ app_init ] --START--
INFO: Run Behavior\BuildLiteBehavior [ RunTime:0.000013s ]
INFO: [ app_init ] --END-- [ RunTime:0.000483s ]
ERR: 无法加载模块:Public

[ 2019-05-29T19:38:41+08:00 ] ::1 /MyApp/blogBackend/Public/font/fontawesome-webfont.ttf?v=3.2.1
INFO: [ app_init ] --START--
INFO: Run Behavior\BuildLiteBehavior [ RunTime:0.000018s ]
INFO: [ app_init ] --END-- [ RunTime:0.000447s ]
ERR: 无法加载模块:Public

[ 2019-05-29T19:39:58+08:00 ] ::1 /MyApp/blogBackend/Public/font/fontawesome-webfont.woff?v=3.2.1
INFO: [ app_init ] --START--
INFO: Run Behavior\BuildLiteBehavior [ RunTime:0.000012s ]
INFO: [ app_init ] --END-- [ RunTime:0.000420s ]
ERR: 无法加载模块:Public

[ 2019-05-29T19:39:58+08:00 ] ::1 /MyApp/blogBackend/Public/font/fontawesome-webfont.ttf?v=3.2.1
INFO: [ app_init ] --START--
INFO: Run Behavior\BuildLiteBehavior [ RunTime:0.000011s ]
INFO: [ app_init ] --END-- [ RunTime:0.000415s ]
ERR: 无法加载模块:Public

[ 2019-05-29T19:39:59+08:00 ] ::1 /MyApp/blogBackend/Public/font/fontawesome-webfont.woff?v=3.2.1
INFO: [ app_init ] --START--
INFO: Run Behavior\BuildLiteBehavior [ RunTime:0.000009s ]
INFO: [ app_init ] --END-- [ RunTime:0.000281s ]
ERR: 无法加载模块:Public

[ 2019-05-29T19:39:59+08:00 ] ::1 /MyApp/blogBackend/Public/font/fontawesome-webfont.ttf?v=3.2.1
INFO: [ app_init ] --START--
INFO: Run Behavior\BuildLiteBehavior [ RunTime:0.000008s ]
INFO: [ app_init ] --END-- [ RunTime:0.000330s ]
ERR: 无法加载模块:Public

[ 2019-05-29T19:40:02+08:00 ] ::1 /MyApp/blogBackend/Public/font/fontawesome-webfont.woff?v=3.2.1
INFO: [ app_init ] --START--
INFO: Run Behavior\BuildLiteBehavior [ RunTime:0.000013s ]
INFO: [ app_init ] --END-- [ RunTime:0.000457s ]
ERR: 无法加载模块:Public

[ 2019-05-29T19:40:02+08:00 ] ::1 /MyApp/blogBackend/Public/font/fontawesome-webfont.ttf?v=3.2.1
INFO: [ app_init ] --START--
INFO: Run Behavior\BuildLiteBehavior [ RunTime:0.000014s ]
INFO: [ app_init ] --END-- [ RunTime:0.000575s ]
ERR: 无法加载模块:Public

[ 2019-05-29T19:40:29+08:00 ] ::1 /MyApp/blogBackend/Public/font/fontawesome-webfont.woff?v=3.2.1
INFO: [ app_init ] --START--
INFO: Run Behavior\BuildLiteBehavior [ RunTime:0.000013s ]
INFO: [ app_init ] --END-- [ RunTime:0.000450s ]
ERR: 无法加载模块:Public

[ 2019-05-29T19:40:29+08:00 ] ::1 /MyApp/blogBackend/Public/font/fontawesome-webfont.ttf?v=3.2.1
INFO: [ app_init ] --START--
INFO: Run Behavior\BuildLiteBehavior [ RunTime:0.000011s ]
INFO: [ app_init ] --END-- [ RunTime:0.000282s ]
ERR: 无法加载模块:Public

[ 2019-05-29T19:40:32+08:00 ] ::1 /MyApp/blogBackend/Public/font/fontawesome-webfont.woff?v=3.2.1
INFO: [ app_init ] --START--
INFO: Run Behavior\BuildLiteBehavior [ RunTime:0.000014s ]
INFO: [ app_init ] --END-- [ RunTime:0.000523s ]
ERR: 无法加载模块:Public

[ 2019-05-29T19:40:32+08:00 ] ::1 /MyApp/blogBackend/Public/font/fontawesome-webfont.ttf?v=3.2.1
INFO: [ app_init ] --START--
INFO: Run Behavior\BuildLiteBehavior [ RunTime:0.000010s ]
INFO: [ app_init ] --END-- [ RunTime:0.000343s ]
ERR: 无法加载模块:Public

[ 2019-05-29T19:40:36+08:00 ] ::1 /MyApp/blogBackend/Public/font/fontawesome-webfont.woff?v=3.2.1
INFO: [ app_init ] --START--
INFO: Run Behavior\BuildLiteBehavior [ RunTime:0.000032s ]
INFO: [ app_init ] --END-- [ RunTime:0.000615s ]
ERR: 无法加载模块:Public

[ 2019-05-29T19:40:36+08:00 ] ::1 /MyApp/blogBackend/Public/font/fontawesome-webfont.ttf?v=3.2.1
INFO: [ app_init ] --START--
INFO: Run Behavior\BuildLiteBehavior [ RunTime:0.000011s ]
INFO: [ app_init ] --END-- [ RunTime:0.000468s ]
ERR: 无法加载模块:Public

[ 2019-05-29T19:40:37+08:00 ] ::1 /MyApp/blogBackend/Public/font/fontawesome-webfont.woff?v=3.2.1
INFO: [ app_init ] --START--
INFO: Run Behavior\BuildLiteBehavior [ RunTime:0.000012s ]
INFO: [ app_init ] --END-- [ RunTime:0.000420s ]
ERR: 无法加载模块:Public

[ 2019-05-29T19:40:38+08:00 ] ::1 /MyApp/blogBackend/Public/font/fontawesome-webfont.ttf?v=3.2.1
INFO: [ app_init ] --START--
INFO: Run Behavior\BuildLiteBehavior [ RunTime:0.000014s ]
INFO: [ app_init ] --END-- [ RunTime:0.000444s ]
ERR: 无法加载模块:Public

[ 2019-05-29T19:41:51+08:00 ] ::1 /MyApp/blogBackend/Public/font/fontawesome-webfont.woff?v=3.2.1
INFO: [ app_init ] --START--
INFO: Run Behavior\BuildLiteBehavior [ RunTime:0.000013s ]
INFO: [ app_init ] --END-- [ RunTime:0.000426s ]
ERR: 无法加载模块:Public

[ 2019-05-29T19:41:52+08:00 ] ::1 /MyApp/blogBackend/Public/font/fontawesome-webfont.ttf?v=3.2.1
INFO: [ app_init ] --START--
INFO: Run Behavior\BuildLiteBehavior [ RunTime:0.000011s ]
INFO: [ app_init ] --END-- [ RunTime:0.000497s ]
ERR: 无法加载模块:Public

[ 2019-05-29T19:41:52+08:00 ] ::1 /MyApp/blogBackend/Public/font/fontawesome-webfont.woff?v=3.2.1
INFO: [ app_init ] --START--
INFO: Run Behavior\BuildLiteBehavior [ RunTime:0.000010s ]
INFO: [ app_init ] --END-- [ RunTime:0.000318s ]
ERR: 无法加载模块:Public

[ 2019-05-29T19:41:53+08:00 ] ::1 /MyApp/blogBackend/Public/font/fontawesome-webfont.ttf?v=3.2.1
INFO: [ app_init ] --START--
INFO: Run Behavior\BuildLiteBehavior [ RunTime:0.000027s ]
INFO: [ app_init ] --END-- [ RunTime:0.000623s ]
ERR: 无法加载模块:Public

[ 2019-05-29T19:41:55+08:00 ] ::1 /MyApp/blogBackend/Public/font/fontawesome-webfont.woff?v=3.2.1
INFO: [ app_init ] --START--
INFO: Run Behavior\BuildLiteBehavior [ RunTime:0.000015s ]
INFO: [ app_init ] --END-- [ RunTime:0.000561s ]
ERR: 无法加载模块:Public

[ 2019-05-29T19:41:55+08:00 ] ::1 /MyApp/blogBackend/Public/font/fontawesome-webfont.ttf?v=3.2.1
INFO: [ app_init ] --START--
INFO: Run Behavior\BuildLiteBehavior [ RunTime:0.000011s ]
INFO: [ app_init ] --END-- [ RunTime:0.000407s ]
ERR: 无法加载模块:Public

[ 2019-05-29T19:41:56+08:00 ] ::1 /MyApp/blogBackend/Public/font/fontawesome-webfont.woff?v=3.2.1
INFO: [ app_init ] --START--
INFO: Run Behavior\BuildLiteBehavior [ RunTime:0.000012s ]
INFO: [ app_init ] --END-- [ RunTime:0.000385s ]
ERR: 无法加载模块:Public

[ 2019-05-29T19:41:56+08:00 ] ::1 /MyApp/blogBackend/Public/font/fontawesome-webfont.ttf?v=3.2.1
INFO: [ app_init ] --START--
INFO: Run Behavior\BuildLiteBehavior [ RunTime:0.000014s ]
INFO: [ app_init ] --END-- [ RunTime:0.000635s ]
ERR: 无法加载模块:Public

[ 2019-05-29T19:41:57+08:00 ] ::1 /MyApp/blogBackend/Public/font/fontawesome-webfont.woff?v=3.2.1
INFO: [ app_init ] --START--
INFO: Run Behavior\BuildLiteBehavior [ RunTime:0.000009s ]
INFO: [ app_init ] --END-- [ RunTime:0.000286s ]
ERR: 无法加载模块:Public

[ 2019-05-29T19:41:57+08:00 ] ::1 /MyApp/blogBackend/Public/font/fontawesome-webfont.ttf?v=3.2.1
INFO: [ app_init ] --START--
INFO: Run Behavior\BuildLiteBehavior [ RunTime:0.000008s ]
INFO: [ app_init ] --END-- [ RunTime:0.000274s ]
ERR: 无法加载模块:Public

[ 2019-05-29T19:41:59+08:00 ] ::1 /MyApp/blogBackend/Public/font/fontawesome-webfont.woff?v=3.2.1
INFO: [ app_init ] --START--
INFO: Run Behavior\BuildLiteBehavior [ RunTime:0.000014s ]
INFO: [ app_init ] --END-- [ RunTime:0.000510s ]
ERR: 无法加载模块:Public

[ 2019-05-29T19:41:59+08:00 ] ::1 /MyApp/blogBackend/Public/font/fontawesome-webfont.ttf?v=3.2.1
INFO: [ app_init ] --START--
INFO: Run Behavior\BuildLiteBehavior [ RunTime:0.000015s ]
INFO: [ app_init ] --END-- [ RunTime:0.000496s ]
ERR: 无法加载模块:Public

[ 2019-05-29T19:42:01+08:00 ] ::1 /MyApp/blogBackend/Public/font/fontawesome-webfont.woff?v=3.2.1
INFO: [ app_init ] --START--
INFO: Run Behavior\BuildLiteBehavior [ RunTime:0.000014s ]
INFO: [ app_init ] --END-- [ RunTime:0.000684s ]
ERR: 无法加载模块:Public

[ 2019-05-29T19:42:01+08:00 ] ::1 /MyApp/blogBackend/Public/font/fontawesome-webfont.ttf?v=3.2.1
INFO: [ app_init ] --START--
INFO: Run Behavior\BuildLiteBehavior [ RunTime:0.000013s ]
INFO: [ app_init ] --END-- [ RunTime:0.000346s ]
ERR: 无法加载模块:Public

[ 2019-05-29T19:42:37+08:00 ] ::1 /MyApp/blogBackend/Public/font/fontawesome-webfont.woff?v=3.2.1
INFO: [ app_init ] --START--
INFO: Run Behavior\BuildLiteBehavior [ RunTime:0.000012s ]
INFO: [ app_init ] --END-- [ RunTime:0.000438s ]
ERR: 无法加载模块:Public

[ 2019-05-29T19:42:37+08:00 ] ::1 /MyApp/blogBackend/Public/font/fontawesome-webfont.ttf?v=3.2.1
INFO: [ app_init ] --START--
INFO: Run Behavior\BuildLiteBehavior [ RunTime:0.000009s ]
INFO: [ app_init ] --END-- [ RunTime:0.000284s ]
ERR: 无法加载模块:Public

[ 2019-05-29T19:43:01+08:00 ] ::1 /MyApp/blogBackend/Public/font/fontawesome-webfont.woff?v=3.2.1
INFO: [ app_init ] --START--
INFO: Run Behavior\BuildLiteBehavior [ RunTime:0.000014s ]
INFO: [ app_init ] --END-- [ RunTime:0.000476s ]
ERR: 无法加载模块:Public

[ 2019-05-29T19:43:01+08:00 ] ::1 /MyApp/blogBackend/Public/font/fontawesome-webfont.ttf?v=3.2.1
INFO: [ app_init ] --START--
INFO: Run Behavior\BuildLiteBehavior [ RunTime:0.000010s ]
INFO: [ app_init ] --END-- [ RunTime:0.000396s ]
ERR: 无法加载模块:Public

[ 2019-05-29T19:43:09+08:00 ] ::1 /MyApp/blogBackend/Public/font/fontawesome-webfont.woff?v=3.2.1
INFO: [ app_init ] --START--
INFO: Run Behavior\BuildLiteBehavior [ RunTime:0.000014s ]
INFO: [ app_init ] --END-- [ RunTime:0.000472s ]
ERR: 无法加载模块:Public

[ 2019-05-29T19:43:09+08:00 ] ::1 /MyApp/blogBackend/Public/font/fontawesome-webfont.ttf?v=3.2.1
INFO: [ app_init ] --START--
INFO: Run Behavior\BuildLiteBehavior [ RunTime:0.000010s ]
INFO: [ app_init ] --END-- [ RunTime:0.000490s ]
ERR: 无法加载模块:Public

[ 2019-05-29T19:43:18+08:00 ] ::1 /MyApp/blogBackend/Public/font/fontawesome-webfont.woff?v=3.2.1
INFO: [ app_init ] --START--
INFO: Run Behavior\BuildLiteBehavior [ RunTime:0.000012s ]
INFO: [ app_init ] --END-- [ RunTime:0.000465s ]
ERR: 无法加载模块:Public

[ 2019-05-29T19:43:18+08:00 ] ::1 /MyApp/blogBackend/Public/font/fontawesome-webfont.ttf?v=3.2.1
INFO: [ app_init ] --START--
INFO: Run Behavior\BuildLiteBehavior [ RunTime:0.000011s ]
INFO: [ app_init ] --END-- [ RunTime:0.000394s ]
ERR: 无法加载模块:Public

[ 2019-05-29T19:44:22+08:00 ] ::1 /MyApp/blogBackend/Public/font/fontawesome-webfont.woff?v=3.2.1
INFO: [ app_init ] --START--
INFO: Run Behavior\BuildLiteBehavior [ RunTime:0.000015s ]
INFO: [ app_init ] --END-- [ RunTime:0.000630s ]
ERR: 无法加载模块:Public

[ 2019-05-29T19:44:22+08:00 ] ::1 /MyApp/blogBackend/Public/font/fontawesome-webfont.ttf?v=3.2.1
INFO: [ app_init ] --START--
INFO: Run Behavior\BuildLiteBehavior [ RunTime:0.000011s ]
INFO: [ app_init ] --END-- [ RunTime:0.000395s ]
ERR: 无法加载模块:Public

[ 2019-05-29T19:44:23+08:00 ] ::1 /MyApp/blogBackend/Public/font/fontawesome-webfont.woff?v=3.2.1
INFO: [ app_init ] --START--
INFO: Run Behavior\BuildLiteBehavior [ RunTime:0.000012s ]
INFO: [ app_init ] --END-- [ RunTime:0.000435s ]
ERR: 无法加载模块:Public

[ 2019-05-29T19:44:24+08:00 ] ::1 /MyApp/blogBackend/Public/font/fontawesome-webfont.ttf?v=3.2.1
INFO: [ app_init ] --START--
INFO: Run Behavior\BuildLiteBehavior [ RunTime:0.000011s ]
INFO: [ app_init ] --END-- [ RunTime:0.000415s ]
ERR: 无法加载模块:Public

[ 2019-05-29T19:45:23+08:00 ] ::1 /MyApp/blogBackend/Public/font/fontawesome-webfont.woff?v=3.2.1
INFO: [ app_init ] --START--
INFO: Run Behavior\BuildLiteBehavior [ RunTime:0.000014s ]
INFO: [ app_init ] --END-- [ RunTime:0.000476s ]
ERR: 无法加载模块:Public

[ 2019-05-29T19:45:23+08:00 ] ::1 /MyApp/blogBackend/Public/font/fontawesome-webfont.ttf?v=3.2.1
INFO: [ app_init ] --START--
INFO: Run Behavior\BuildLiteBehavior [ RunTime:0.000007s ]
INFO: [ app_init ] --END-- [ RunTime:0.000284s ]
ERR: 无法加载模块:Public

[ 2019-05-29T19:45:26+08:00 ] ::1 /MyApp/blogBackend/Public/font/fontawesome-webfont.woff?v=3.2.1
INFO: [ app_init ] --START--
INFO: Run Behavior\BuildLiteBehavior [ RunTime:0.000012s ]
INFO: [ app_init ] --END-- [ RunTime:0.000454s ]
ERR: 无法加载模块:Public

[ 2019-05-29T19:45:26+08:00 ] ::1 /MyApp/blogBackend/Public/font/fontawesome-webfont.ttf?v=3.2.1
INFO: [ app_init ] --START--
INFO: Run Behavior\BuildLiteBehavior [ RunTime:0.000013s ]
INFO: [ app_init ] --END-- [ RunTime:0.000434s ]
ERR: 无法加载模块:Public

[ 2019-05-29T19:45:28+08:00 ] ::1 /MyApp/blogBackend/Public/font/fontawesome-webfont.woff?v=3.2.1
INFO: [ app_init ] --START--
INFO: Run Behavior\BuildLiteBehavior [ RunTime:0.000015s ]
INFO: [ app_init ] --END-- [ RunTime:0.000507s ]
ERR: 无法加载模块:Public

[ 2019-05-29T19:45:28+08:00 ] ::1 /MyApp/blogBackend/Public/font/fontawesome-webfont.ttf?v=3.2.1
INFO: [ app_init ] --START--
INFO: Run Behavior\BuildLiteBehavior [ RunTime:0.000030s ]
INFO: [ app_init ] --END-- [ RunTime:0.000498s ]
ERR: 无法加载模块:Public

[ 2019-05-29T19:46:23+08:00 ] ::1 /MyApp/blogBackend/Public/font/fontawesome-webfont.woff?v=3.2.1
INFO: [ app_init ] --START--
INFO: Run Behavior\BuildLiteBehavior [ RunTime:0.000013s ]
INFO: [ app_init ] --END-- [ RunTime:0.000443s ]
ERR: 无法加载模块:Public

[ 2019-05-29T19:46:23+08:00 ] ::1 /MyApp/blogBackend/Public/font/fontawesome-webfont.ttf?v=3.2.1
INFO: [ app_init ] --START--
INFO: Run Behavior\BuildLiteBehavior [ RunTime:0.000014s ]
INFO: [ app_init ] --END-- [ RunTime:0.000668s ]
ERR: 无法加载模块:Public

[ 2019-05-29T22:30:28+08:00 ] ::1 /MyApp/blogBackend/Public/font/fontawesome-webfont.woff?v=3.2.1
INFO: [ app_init ] --START--
INFO: Run Behavior\BuildLiteBehavior [ RunTime:0.000011s ]
INFO: [ app_init ] --END-- [ RunTime:0.000279s ]
ERR: 无法加载模块:Public

[ 2019-05-29T22:30:28+08:00 ] ::1 /MyApp/blogBackend/Public/font/fontawesome-webfont.ttf?v=3.2.1
INFO: [ app_init ] --START--
INFO: Run Behavior\BuildLiteBehavior [ RunTime:0.000011s ]
INFO: [ app_init ] --END-- [ RunTime:0.000341s ]
ERR: 无法加载模块:Public

[ 2019-05-29T22:31:16+08:00 ] ::1 /MyApp/blogBackend/Public/font/fontawesome-webfont.woff?v=3.2.1
INFO: [ app_init ] --START--
INFO: Run Behavior\BuildLiteBehavior [ RunTime:0.000010s ]
INFO: [ app_init ] --END-- [ RunTime:0.000458s ]
ERR: 无法加载模块:Public

[ 2019-05-29T22:31:16+08:00 ] ::1 /MyApp/blogBackend/Public/font/fontawesome-webfont.ttf?v=3.2.1
INFO: [ app_init ] --START--
INFO: Run Behavior\BuildLiteBehavior [ RunTime:0.000007s ]
INFO: [ app_init ] --END-- [ RunTime:0.000255s ]
ERR: 无法加载模块:Public

[ 2019-05-29T22:31:17+08:00 ] ::1 /MyApp/blogBackend/Public/font/fontawesome-webfont.woff?v=3.2.1
INFO: [ app_init ] --START--
INFO: Run Behavior\BuildLiteBehavior [ RunTime:0.000008s ]
INFO: [ app_init ] --END-- [ RunTime:0.000264s ]
ERR: 无法加载模块:Public

[ 2019-05-29T22:31:17+08:00 ] ::1 /MyApp/blogBackend/Public/font/fontawesome-webfont.ttf?v=3.2.1
INFO: [ app_init ] --START--
INFO: Run Behavior\BuildLiteBehavior [ RunTime:0.000009s ]
INFO: [ app_init ] --END-- [ RunTime:0.000323s ]
ERR: 无法加载模块:Public

[ 2019-05-29T22:32:38+08:00 ] ::1 /MyApp/blogBackend/Public/font/fontawesome-webfont.woff?v=3.2.1
INFO: [ app_init ] --START--
INFO: Run Behavior\BuildLiteBehavior [ RunTime:0.000013s ]
INFO: [ app_init ] --END-- [ RunTime:0.000459s ]
ERR: 无法加载模块:Public

[ 2019-05-29T22:32:38+08:00 ] ::1 /MyApp/blogBackend/Public/font/fontawesome-webfont.ttf?v=3.2.1
INFO: [ app_init ] --START--
INFO: Run Behavior\BuildLiteBehavior [ RunTime:0.000013s ]
INFO: [ app_init ] --END-- [ RunTime:0.000273s ]
ERR: 无法加载模块:Public

[ 2019-05-29T22:32:39+08:00 ] ::1 /MyApp/blogBackend/Public/font/fontawesome-webfont.woff?v=3.2.1
INFO: [ app_init ] --START--
INFO: Run Behavior\BuildLiteBehavior [ RunTime:0.000007s ]
INFO: [ app_init ] --END-- [ RunTime:0.000301s ]
ERR: 无法加载模块:Public

[ 2019-05-29T22:32:39+08:00 ] ::1 /MyApp/blogBackend/Public/font/fontawesome-webfont.ttf?v=3.2.1
INFO: [ app_init ] --START--
INFO: Run Behavior\BuildLiteBehavior [ RunTime:0.000008s ]
INFO: [ app_init ] --END-- [ RunTime:0.000259s ]
ERR: 无法加载模块:Public

[ 2019-05-29T22:32:41+08:00 ] ::1 /MyApp/blogBackend/Public/font/fontawesome-webfont.woff?v=3.2.1
INFO: [ app_init ] --START--
INFO: Run Behavior\BuildLiteBehavior [ RunTime:0.000009s ]
INFO: [ app_init ] --END-- [ RunTime:0.000271s ]
ERR: 无法加载模块:Public

[ 2019-05-29T22:32:41+08:00 ] ::1 /MyApp/blogBackend/Public/font/fontawesome-webfont.ttf?v=3.2.1
INFO: [ app_init ] --START--
INFO: Run Behavior\BuildLiteBehavior [ RunTime:0.000015s ]
INFO: [ app_init ] --END-- [ RunTime:0.000484s ]
ERR: 无法加载模块:Public

[ 2019-05-29T22:33:14+08:00 ] ::1 /MyApp/blogBackend/Public/font/fontawesome-webfont.woff?v=3.2.1
INFO: [ app_init ] --START--
INFO: Run Behavior\BuildLiteBehavior [ RunTime:0.000008s ]
INFO: [ app_init ] --END-- [ RunTime:0.000290s ]
ERR: 无法加载模块:Public

[ 2019-05-29T22:33:14+08:00 ] ::1 /MyApp/blogBackend/Public/font/fontawesome-webfont.ttf?v=3.2.1
INFO: [ app_init ] --START--
INFO: Run Behavior\BuildLiteBehavior [ RunTime:0.000007s ]
INFO: [ app_init ] --END-- [ RunTime:0.000278s ]
ERR: 无法加载模块:Public

[ 2019-05-29T22:33:46+08:00 ] ::1 /MyApp/blogBackend/Public/font/fontawesome-webfont.woff?v=3.2.1
INFO: [ app_init ] --START--
INFO: Run Behavior\BuildLiteBehavior [ RunTime:0.000009s ]
INFO: [ app_init ] --END-- [ RunTime:0.000374s ]
ERR: 无法加载模块:Public

[ 2019-05-29T22:33:46+08:00 ] ::1 /MyApp/blogBackend/Public/font/fontawesome-webfont.ttf?v=3.2.1
INFO: [ app_init ] --START--
INFO: Run Behavior\BuildLiteBehavior [ RunTime:0.000012s ]
INFO: [ app_init ] --END-- [ RunTime:0.000454s ]
ERR: 无法加载模块:Public

[ 2019-05-29T22:34:16+08:00 ] ::1 /MyApp/blogBackend/Public/font/fontawesome-webfont.woff?v=3.2.1
INFO: [ app_init ] --START--
INFO: Run Behavior\BuildLiteBehavior [ RunTime:0.000008s ]
INFO: [ app_init ] --END-- [ RunTime:0.000285s ]
ERR: 无法加载模块:Public

[ 2019-05-29T22:34:16+08:00 ] ::1 /MyApp/blogBackend/Public/font/fontawesome-webfont.ttf?v=3.2.1
INFO: [ app_init ] --START--
INFO: Run Behavior\BuildLiteBehavior [ RunTime:0.000008s ]
INFO: [ app_init ] --END-- [ RunTime:0.000262s ]
ERR: 无法加载模块:Public

[ 2019-05-29T22:34:31+08:00 ] ::1 /MyApp/blogBackend/Public/font/fontawesome-webfont.woff?v=3.2.1
INFO: [ app_init ] --START--
INFO: Run Behavior\BuildLiteBehavior [ RunTime:0.000008s ]
INFO: [ app_init ] --END-- [ RunTime:0.000286s ]
ERR: 无法加载模块:Public

[ 2019-05-29T22:34:32+08:00 ] ::1 /MyApp/blogBackend/Public/font/fontawesome-webfont.ttf?v=3.2.1
INFO: [ app_init ] --START--
INFO: Run Behavior\BuildLiteBehavior [ RunTime:0.000015s ]
INFO: [ app_init ] --END-- [ RunTime:0.000724s ]
ERR: 无法加载模块:Public

[ 2019-05-29T22:36:25+08:00 ] ::1 /MyApp/blogBackend/Public/font/fontawesome-webfont.woff?v=3.2.1
INFO: [ app_init ] --START--
INFO: Run Behavior\BuildLiteBehavior [ RunTime:0.000008s ]
INFO: [ app_init ] --END-- [ RunTime:0.000285s ]
ERR: 无法加载模块:Public

[ 2019-05-29T22:36:26+08:00 ] ::1 /MyApp/blogBackend/Public/font/fontawesome-webfont.ttf?v=3.2.1
INFO: [ app_init ] --START--
INFO: Run Behavior\BuildLiteBehavior [ RunTime:0.000008s ]
INFO: [ app_init ] --END-- [ RunTime:0.000270s ]
ERR: 无法加载模块:Public

[ 2019-05-29T22:36:53+08:00 ] ::1 /MyApp/blogBackend/Public/font/fontawesome-webfont.woff?v=3.2.1
INFO: [ app_init ] --START--
INFO: Run Behavior\BuildLiteBehavior [ RunTime:0.000007s ]
INFO: [ app_init ] --END-- [ RunTime:0.000266s ]
ERR: 无法加载模块:Public

[ 2019-05-29T22:36:53+08:00 ] ::1 /MyApp/blogBackend/Public/font/fontawesome-webfont.ttf?v=3.2.1
INFO: [ app_init ] --START--
INFO: Run Behavior\BuildLiteBehavior [ RunTime:0.000009s ]
INFO: [ app_init ] --END-- [ RunTime:0.000272s ]
ERR: 无法加载模块:Public

[ 2019-05-29T22:37:22+08:00 ] ::1 /MyApp/blogBackend/Public/font/fontawesome-webfont.woff?v=3.2.1
INFO: [ app_init ] --START--
INFO: Run Behavior\BuildLiteBehavior [ RunTime:0.000008s ]
INFO: [ app_init ] --END-- [ RunTime:0.000299s ]
ERR: 无法加载模块:Public

[ 2019-05-29T22:37:22+08:00 ] ::1 /MyApp/blogBackend/Public/font/fontawesome-webfont.ttf?v=3.2.1
INFO: [ app_init ] --START--
INFO: Run Behavior\BuildLiteBehavior [ RunTime:0.000027s ]
INFO: [ app_init ] --END-- [ RunTime:0.000692s ]
ERR: 无法加载模块:Public

[ 2019-05-29T22:38:06+08:00 ] ::1 /MyApp/blogBackend/Public/font/fontawesome-webfont.woff?v=3.2.1
INFO: [ app_init ] --START--
INFO: Run Behavior\BuildLiteBehavior [ RunTime:0.000014s ]
INFO: [ app_init ] --END-- [ RunTime:0.000498s ]
ERR: 无法加载模块:Public

[ 2019-05-29T22:38:06+08:00 ] ::1 /MyApp/blogBackend/Public/font/fontawesome-webfont.ttf?v=3.2.1
INFO: [ app_init ] --START--
INFO: Run Behavior\BuildLiteBehavior [ RunTime:0.000008s ]
INFO: [ app_init ] --END-- [ RunTime:0.000266s ]
ERR: 无法加载模块:Public

[ 2019-05-29T22:38:10+08:00 ] ::1 /MyApp/blogBackend/Public/font/fontawesome-webfont.woff?v=3.2.1
INFO: [ app_init ] --START--
INFO: Run Behavior\BuildLiteBehavior [ RunTime:0.000013s ]
INFO: [ app_init ] --END-- [ RunTime:0.000545s ]
ERR: 无法加载模块:Public

[ 2019-05-29T22:38:10+08:00 ] ::1 /MyApp/blogBackend/Public/font/fontawesome-webfont.ttf?v=3.2.1
INFO: [ app_init ] --START--
INFO: Run Behavior\BuildLiteBehavior [ RunTime:0.000014s ]
INFO: [ app_init ] --END-- [ RunTime:0.000839s ]
ERR: 无法加载模块:Public

[ 2019-05-29T22:39:58+08:00 ] ::1 /MyApp/blogBackend/Public/font/fontawesome-webfont.woff?v=3.2.1
INFO: [ app_init ] --START--
INFO: Run Behavior\BuildLiteBehavior [ RunTime:0.000022s ]
INFO: [ app_init ] --END-- [ RunTime:0.000492s ]
ERR: 无法加载模块:Public

[ 2019-05-29T22:39:58+08:00 ] ::1 /MyApp/blogBackend/Public/font/fontawesome-webfont.ttf?v=3.2.1
INFO: [ app_init ] --START--
INFO: Run Behavior\BuildLiteBehavior [ RunTime:0.000014s ]
INFO: [ app_init ] --END-- [ RunTime:0.000477s ]
ERR: 无法加载模块:Public

[ 2019-05-29T22:40:09+08:00 ] ::1 /MyApp/blogBackend/Public/font/fontawesome-webfont.woff?v=3.2.1
INFO: [ app_init ] --START--
INFO: Run Behavior\BuildLiteBehavior [ RunTime:0.000016s ]
INFO: [ app_init ] --END-- [ RunTime:0.000538s ]
ERR: 无法加载模块:Public

[ 2019-05-29T22:40:09+08:00 ] ::1 /MyApp/blogBackend/Public/font/fontawesome-webfont.ttf?v=3.2.1
INFO: [ app_init ] --START--
INFO: Run Behavior\BuildLiteBehavior [ RunTime:0.000012s ]
INFO: [ app_init ] --END-- [ RunTime:0.000484s ]
ERR: 无法加载模块:Public

[ 2019-05-29T22:40:11+08:00 ] ::1 /MyApp/blogBackend/Public/font/fontawesome-webfont.woff?v=3.2.1
INFO: [ app_init ] --START--
INFO: Run Behavior\BuildLiteBehavior [ RunTime:0.000013s ]
INFO: [ app_init ] --END-- [ RunTime:0.000426s ]
ERR: 无法加载模块:Public

[ 2019-05-29T22:40:11+08:00 ] ::1 /MyApp/blogBackend/Public/font/fontawesome-webfont.ttf?v=3.2.1
INFO: [ app_init ] --START--
INFO: Run Behavior\BuildLiteBehavior [ RunTime:0.000011s ]
INFO: [ app_init ] --END-- [ RunTime:0.000389s ]
ERR: 无法加载模块:Public

[ 2019-05-29T22:40:30+08:00 ] ::1 /MyApp/blogBackend/Public/font/fontawesome-webfont.woff?v=3.2.1
INFO: [ app_init ] --START--
INFO: Run Behavior\BuildLiteBehavior [ RunTime:0.000015s ]
INFO: [ app_init ] --END-- [ RunTime:0.000461s ]
ERR: 无法加载模块:Public

[ 2019-05-29T22:40:30+08:00 ] ::1 /MyApp/blogBackend/Public/font/fontawesome-webfont.ttf?v=3.2.1
INFO: [ app_init ] --START--
INFO: Run Behavior\BuildLiteBehavior [ RunTime:0.000014s ]
INFO: [ app_init ] --END-- [ RunTime:0.000554s ]
ERR: 无法加载模块:Public

[ 2019-05-29T22:41:20+08:00 ] ::1 /MyApp/blogBackend/Public/font/fontawesome-webfont.woff?v=3.2.1
INFO: [ app_init ] --START--
INFO: Run Behavior\BuildLiteBehavior [ RunTime:0.000008s ]
INFO: [ app_init ] --END-- [ RunTime:0.000276s ]
ERR: 无法加载模块:Public

[ 2019-05-29T22:41:20+08:00 ] ::1 /MyApp/blogBackend/Public/font/fontawesome-webfont.ttf?v=3.2.1
INFO: [ app_init ] --START--
INFO: Run Behavior\BuildLiteBehavior [ RunTime:0.000009s ]
INFO: [ app_init ] --END-- [ RunTime:0.000340s ]
ERR: 无法加载模块:Public

[ 2019-05-29T22:42:21+08:00 ] ::1 /MyApp/blogBackend/Public/font/fontawesome-webfont.woff?v=3.2.1
INFO: [ app_init ] --START--
INFO: Run Behavior\BuildLiteBehavior [ RunTime:0.000007s ]
INFO: [ app_init ] --END-- [ RunTime:0.000263s ]
ERR: 无法加载模块:Public

[ 2019-05-29T22:42:21+08:00 ] ::1 /MyApp/blogBackend/Public/font/fontawesome-webfont.ttf?v=3.2.1
INFO: [ app_init ] --START--
INFO: Run Behavior\BuildLiteBehavior [ RunTime:0.000008s ]
INFO: [ app_init ] --END-- [ RunTime:0.000285s ]
ERR: 无法加载模块:Public

